
========================================================================
  SpongeBob (SHA3-512 chain, seed=00..3f)
========================================================================

  ── NIST SP 800-22 (1000000 bits) ──
  [PASS] nist::frequency                                   p = 0.712873  (n=1000000, S_n=-368, s_obs=0.3680)
  [PASS] nist::block_frequency                             p = 0.982350  (n=1000000, M=128, N=7812, χ²=7551.1875)
  [PASS] nist::runs                                        p = 0.431788  (n=1000000, V_n=500393, π=0.4998)
  [PASS] nist::longest_run                                 p = 0.764500  (n=1000000, M=10000, N=100, χ²=3.3447)
  [PASS] nist::matrix_rank                                 p = 0.164942  (N=976, F32=261, F31=593, F<30=122, χ²=3.6043)
  [PASS] nist::spectral                                    p = 0.165847  (n=1000000, N₀=475000.0, N₁=475151, T=1730.8184, d=1.3857)
  [PASS] nist::overlapping_template                        p = 0.810419  (n=1000000, m=9, N=968, ν=[370, 175, 128, 100, 70, 125], χ²=2.2717)
  [PASS] nist::universal                                   p = 0.816448  (n=1000000, L=7, Q=1280, K=141577, f_n=6.1969, μ=6.1963, σ=0.002770)
  [PASS] nist::linear_complexity                           p = 0.779456  (n=1000000, M=500, N=2000, χ²=3.2301)
  [FAIL] nist::approximate_entropy                         p = 0.004576  (n=1000000, m=10, ApEn=0.692574, χ²=1145.8070)
  [PASS] nist::cumulative_sums_forward                     p = 0.468157  (n=1000000, z=1189)
  [PASS] nist::cumulative_sums_backward                    p = 0.238935  (n=1000000, z=1557)
  [PASS] nist::non_overlapping_template                    p = 0.531552  (B=000000001, N=8, M=125000, χ²=7.0472)
  [PASS] nist::non_overlapping_template                    p = 0.884773  (B=000000011, N=8, M=125000, χ²=3.6801)
  [PASS] nist::non_overlapping_template                    p = 0.750784  (B=000000101, N=8, M=125000, χ²=5.0634)
  [PASS] nist::non_overlapping_template                    p = 0.980348  (B=000000111, N=8, M=125000, χ²=2.0214)
  [PASS] nist::non_overlapping_template                    p = 0.978681  (B=000001001, N=8, M=125000, χ²=2.0733)
  [PASS] nist::non_overlapping_template                    p = 0.402230  (B=000001011, N=8, M=125000, χ²=8.3266)
  [PASS] nist::non_overlapping_template                    p = 0.895039  (B=000001101, N=8, M=125000, χ²=3.5530)
  [PASS] nist::non_overlapping_template                    p = 0.916427  (B=000001111, N=8, M=125000, χ²=3.2681)
  [PASS] nist::non_overlapping_template                    p = 0.540232  (B=000010001, N=8, M=125000, χ²=6.9667)
  [PASS] nist::non_overlapping_template                    p = 0.382518  (B=000010011, N=8, M=125000, χ²=8.5406)
  [PASS] nist::non_overlapping_template                    p = 0.136717  (B=000010101, N=8, M=125000, χ²=12.3388)
  [PASS] nist::non_overlapping_template                    p = 0.324289  (B=000010111, N=8, M=125000, χ²=9.2174)
  [PASS] nist::non_overlapping_template                    p = 0.915598  (B=000011001, N=8, M=125000, χ²=3.2797)
  [PASS] nist::non_overlapping_template                    p = 0.743014  (B=000011011, N=8, M=125000, χ²=5.1354)
  [PASS] nist::non_overlapping_template                    p = 0.539660  (B=000011101, N=8, M=125000, χ²=6.9720)
  [PASS] nist::non_overlapping_template                    p = 0.904144  (B=000011111, N=8, M=125000, χ²=3.4354)
  [PASS] nist::non_overlapping_template                    p = 0.179429  (B=000100011, N=8, M=125000, χ²=11.4120)
  [PASS] nist::non_overlapping_template                    p = 0.961871  (B=000100101, N=8, M=125000, χ²=2.4970)
  [PASS] nist::non_overlapping_template                    p = 0.438931  (B=000100111, N=8, M=125000, χ²=7.9443)
  [PASS] nist::non_overlapping_template                    p = 0.123947  (B=000101001, N=8, M=125000, χ²=12.6639)
  [PASS] nist::non_overlapping_template                    p = 0.297231  (B=000101011, N=8, M=125000, χ²=9.5606)
  [PASS] nist::non_overlapping_template                    p = 0.648576  (B=000101101, N=8, M=125000, χ²=5.9880)
  [PASS] nist::non_overlapping_template                    p = 0.985191  (B=000101111, N=8, M=125000, χ²=1.8530)
  [PASS] nist::non_overlapping_template                    p = 0.392688  (B=000110011, N=8, M=125000, χ²=8.4294)
  [PASS] nist::non_overlapping_template                    p = 0.816712  (B=000110101, N=8, M=125000, χ²=4.4268)
  [PASS] nist::non_overlapping_template                    p = 0.961078  (B=000110111, N=8, M=125000, χ²=2.5139)
  [PASS] nist::non_overlapping_template                    p = 0.192686  (B=000111001, N=8, M=125000, χ²=11.1620)
  [PASS] nist::non_overlapping_template                    p = 0.663046  (B=000111011, N=8, M=125000, χ²=5.8588)
  [PASS] nist::non_overlapping_template                    p = 0.912089  (B=000111101, N=8, M=125000, χ²=3.3284)
  [PASS] nist::non_overlapping_template                    p = 0.300236  (B=000111111, N=8, M=125000, χ²=9.5214)
  [PASS] nist::non_overlapping_template                    p = 0.038089  (B=001000011, N=8, M=125000, χ²=16.3149)
  [PASS] nist::non_overlapping_template                    p = 0.514012  (B=001000101, N=8, M=125000, χ²=7.2113)
  [PASS] nist::non_overlapping_template                    p = 0.214246  (B=001000111, N=8, M=125000, χ²=10.7839)
  [PASS] nist::non_overlapping_template                    p = 0.390155  (B=001001011, N=8, M=125000, χ²=8.4569)
  [PASS] nist::non_overlapping_template                    p = 0.498708  (B=001001101, N=8, M=125000, χ²=7.3564)
  [PASS] nist::non_overlapping_template                    p = 0.704595  (B=001001111, N=8, M=125000, χ²=5.4860)
  [PASS] nist::non_overlapping_template                    p = 0.908512  (B=001010011, N=8, M=125000, χ²=3.3772)
  [PASS] nist::non_overlapping_template                    p = 0.158245  (B=001010101, N=8, M=125000, χ²=11.8452)
  [FAIL] nist::non_overlapping_template                    p = 0.007883  (B=001010111, N=8, M=125000, χ²=20.7359)
  [PASS] nist::non_overlapping_template                    p = 0.444052  (B=001011011, N=8, M=125000, χ²=7.8924)
  [PASS] nist::non_overlapping_template                    p = 0.075079  (B=001011101, N=8, M=125000, χ²=14.2665)
  [PASS] nist::non_overlapping_template                    p = 0.507956  (B=001011111, N=8, M=125000, χ²=7.2685)
  [PASS] nist::non_overlapping_template                    p = 0.138768  (B=001100101, N=8, M=125000, χ²=12.2890)
  [PASS] nist::non_overlapping_template                    p = 0.105847  (B=001100111, N=8, M=125000, χ²=13.1787)
  [PASS] nist::non_overlapping_template                    p = 0.581369  (B=001101011, N=8, M=125000, χ²=6.5907)
  [PASS] nist::non_overlapping_template                    p = 0.949798  (B=001101101, N=8, M=125000, χ²=2.7364)
  [PASS] nist::non_overlapping_template                    p = 0.163776  (B=001101111, N=8, M=125000, χ²=11.7276)
  [PASS] nist::non_overlapping_template                    p = 0.328266  (B=001110101, N=8, M=125000, χ²=9.1687)
  [PASS] nist::non_overlapping_template                    p = 0.850475  (B=001110111, N=8, M=125000, χ²=4.0730)
  [PASS] nist::non_overlapping_template                    p = 0.936526  (B=001111011, N=8, M=125000, χ²=2.9651)
  [PASS] nist::non_overlapping_template                    p = 0.202181  (B=001111101, N=8, M=125000, χ²=10.9915)
  [PASS] nist::non_overlapping_template                    p = 0.105397  (B=001111111, N=8, M=125000, χ²=13.1925)
  [PASS] nist::non_overlapping_template                    p = 0.624977  (B=010000011, N=8, M=125000, χ²=6.1988)
  [PASS] nist::non_overlapping_template                    p = 0.218884  (B=010000111, N=8, M=125000, χ²=10.7066)
  [PASS] nist::non_overlapping_template                    p = 0.673471  (B=010001011, N=8, M=125000, χ²=5.7656)
  [PASS] nist::non_overlapping_template                    p = 0.439244  (B=010001111, N=8, M=125000, χ²=7.9411)
  [PASS] nist::non_overlapping_template                    p = 0.510756  (B=010010011, N=8, M=125000, χ²=7.2421)
  [PASS] nist::non_overlapping_template                    p = 0.128030  (B=010010111, N=8, M=125000, χ²=12.5570)
  [PASS] nist::non_overlapping_template                    p = 0.113585  (B=010011011, N=8, M=125000, χ²=12.9499)
  [PASS] nist::non_overlapping_template                    p = 0.654508  (B=010011111, N=8, M=125000, χ²=5.9350)
  [PASS] nist::non_overlapping_template                    p = 0.490635  (B=010100011, N=8, M=125000, χ²=7.4338)
  [PASS] nist::non_overlapping_template                    p = 0.543902  (B=010100111, N=8, M=125000, χ²=6.9328)
  [PASS] nist::non_overlapping_template                    p = 0.309217  (B=010101011, N=8, M=125000, χ²=9.4059)
  [PASS] nist::non_overlapping_template                    p = 0.750670  (B=010101111, N=8, M=125000, χ²=5.0644)
  [PASS] nist::non_overlapping_template                    p = 0.463456  (B=010110011, N=8, M=125000, χ²=7.6986)
  [PASS] nist::non_overlapping_template                    p = 0.386470  (B=010110111, N=8, M=125000, χ²=8.4972)
  [PASS] nist::non_overlapping_template                    p = 0.074392  (B=010111011, N=8, M=125000, χ²=14.2951)
  [FAIL] nist::non_overlapping_template                    p = 0.004200  (B=010111111, N=8, M=125000, χ²=22.4168)
  [PASS] nist::non_overlapping_template                    p = 0.921241  (B=011000111, N=8, M=125000, χ²=3.1992)
  [PASS] nist::non_overlapping_template                    p = 0.160121  (B=011001111, N=8, M=125000, χ²=11.8050)
  [PASS] nist::non_overlapping_template                    p = 0.092768  (B=011010111, N=8, M=125000, χ²=13.6013)
  [PASS] nist::non_overlapping_template                    p = 0.392493  (B=011011111, N=8, M=125000, χ²=8.4315)
  [PASS] nist::non_overlapping_template                    p = 0.800158  (B=011101111, N=8, M=125000, χ²=4.5920)
  [PASS] nist::non_overlapping_template                    p = 0.323085  (B=011111111, N=8, M=125000, χ²=9.2322)
  [PASS] nist::non_overlapping_template                    p = 0.543099  (B=100000000, N=8, M=125000, χ²=6.9402)
  [PASS] nist::non_overlapping_template                    p = 0.340578  (B=100010000, N=8, M=125000, χ²=9.0204)
  [PASS] nist::non_overlapping_template                    p = 0.326793  (B=100100000, N=8, M=125000, χ²=9.1867)
  [PASS] nist::non_overlapping_template                    p = 0.342630  (B=100101000, N=8, M=125000, χ²=8.9960)
  [PASS] nist::non_overlapping_template                    p = 0.511317  (B=100110000, N=8, M=125000, χ²=7.2368)
  [PASS] nist::non_overlapping_template                    p = 0.082109  (B=100111000, N=8, M=125000, χ²=13.9868)
  [PASS] nist::non_overlapping_template                    p = 0.100286  (B=101000000, N=8, M=125000, χ²=13.3524)
  [PASS] nist::non_overlapping_template                    p = 0.589340  (B=101000100, N=8, M=125000, χ²=6.5186)
  [PASS] nist::non_overlapping_template                    p = 0.968633  (B=101001000, N=8, M=125000, χ²=2.3434)
  [PASS] nist::non_overlapping_template                    p = 0.337029  (B=101001100, N=8, M=125000, χ²=9.0628)
  [PASS] nist::non_overlapping_template                    p = 0.643237  (B=101010000, N=8, M=125000, χ²=6.0357)
  [PASS] nist::non_overlapping_template                    p = 0.023748  (B=101010100, N=8, M=125000, χ²=17.6812)
  [PASS] nist::non_overlapping_template                    p = 0.354935  (B=101011000, N=8, M=125000, χ²=8.8520)
  [PASS] nist::non_overlapping_template                    p = 0.413620  (B=101011100, N=8, M=125000, χ²=8.2059)
  [PASS] nist::non_overlapping_template                    p = 0.045106  (B=101100000, N=8, M=125000, χ²=15.8150)
  [PASS] nist::non_overlapping_template                    p = 0.810081  (B=101100100, N=8, M=125000, χ²=4.4935)
  [PASS] nist::non_overlapping_template                    p = 0.563648  (B=101101000, N=8, M=125000, χ²=6.7517)
  [PASS] nist::non_overlapping_template                    p = 0.117179  (B=101101100, N=8, M=125000, χ²=12.8482)
  [PASS] nist::non_overlapping_template                    p = 0.996520  (B=101110000, N=8, M=125000, χ²=1.2122)
  [PASS] nist::non_overlapping_template                    p = 0.465172  (B=101110100, N=8, M=125000, χ²=7.6816)
  [PASS] nist::non_overlapping_template                    p = 0.107455  (B=101111000, N=8, M=125000, χ²=13.1300)
  [PASS] nist::non_overlapping_template                    p = 0.304085  (B=101111100, N=8, M=125000, χ²=9.4716)
  [PASS] nist::non_overlapping_template                    p = 0.844398  (B=110000000, N=8, M=125000, χ²=4.1387)
  [PASS] nist::non_overlapping_template                    p = 0.765604  (B=110000010, N=8, M=125000, χ²=4.9246)
  [PASS] nist::non_overlapping_template                    p = 0.785926  (B=110000100, N=8, M=125000, χ²=4.7308)
  [FAIL] nist::non_overlapping_template                    p = 0.004952  (B=110001000, N=8, M=125000, χ²=21.9804)
  [PASS] nist::non_overlapping_template                    p = 0.179266  (B=110001010, N=8, M=125000, χ²=11.4152)
  [PASS] nist::non_overlapping_template                    p = 0.520096  (B=110010000, N=8, M=125000, χ²=7.1541)
  [PASS] nist::non_overlapping_template                    p = 0.614561  (B=110010010, N=8, M=125000, χ²=6.2920)
  [PASS] nist::non_overlapping_template                    p = 0.669801  (B=110010100, N=8, M=125000, χ²=5.7984)
  [PASS] nist::non_overlapping_template                    p = 0.853961  (B=110011000, N=8, M=125000, χ²=4.0349)
  [PASS] nist::non_overlapping_template                    p = 0.561443  (B=110011010, N=8, M=125000, χ²=6.7718)
  [PASS] nist::non_overlapping_template                    p = 0.641576  (B=110100000, N=8, M=125000, χ²=6.0505)
  [PASS] nist::non_overlapping_template                    p = 0.625569  (B=110100010, N=8, M=125000, χ²=6.1935)
  [PASS] nist::non_overlapping_template                    p = 0.337294  (B=110100100, N=8, M=125000, χ²=9.0596)
  [PASS] nist::non_overlapping_template                    p = 0.582422  (B=110101000, N=8, M=125000, χ²=6.5811)
  [PASS] nist::non_overlapping_template                    p = 0.274280  (B=110101010, N=8, M=125000, χ²=9.8699)
  [PASS] nist::non_overlapping_template                    p = 0.704595  (B=110101100, N=8, M=125000, χ²=5.4860)
  [FAIL] nist::non_overlapping_template                    p = 0.002655  (B=110110000, N=8, M=125000, χ²=23.6179)
  [PASS] nist::non_overlapping_template                    p = 0.818175  (B=110110010, N=8, M=125000, χ²=4.4120)
  [PASS] nist::non_overlapping_template                    p = 0.741064  (B=110110100, N=8, M=125000, χ²=5.1534)
  [PASS] nist::non_overlapping_template                    p = 0.522357  (B=110111000, N=8, M=125000, χ²=7.1330)
  [PASS] nist::non_overlapping_template                    p = 0.791935  (B=110111010, N=8, M=125000, χ²=4.6725)
  [PASS] nist::non_overlapping_template                    p = 0.154887  (B=110111100, N=8, M=125000, χ²=11.9183)
  [PASS] nist::non_overlapping_template                    p = 0.864504  (B=111000000, N=8, M=125000, χ²=3.9173)
  [PASS] nist::non_overlapping_template                    p = 0.103407  (B=111000010, N=8, M=125000, χ²=13.2539)
  [FAIL] nist::non_overlapping_template                    p = 0.000152  (B=111000100, N=8, M=125000, χ²=30.8043)
  [PASS] nist::non_overlapping_template                    p = 0.269204  (B=111000110, N=8, M=125000, χ²=9.9408)
  [PASS] nist::non_overlapping_template                    p = 0.530869  (B=111001000, N=8, M=125000, χ²=7.0535)
  [PASS] nist::non_overlapping_template                    p = 0.943801  (B=111001010, N=8, M=125000, χ²=2.8433)
  [PASS] nist::non_overlapping_template                    p = 0.649762  (B=111001100, N=8, M=125000, χ²=5.9774)
  [PASS] nist::non_overlapping_template                    p = 0.977149  (B=111010000, N=8, M=125000, χ²=2.1189)
  [PASS] nist::non_overlapping_template                    p = 0.235104  (B=111010010, N=8, M=125000, χ²=10.4460)
  [PASS] nist::non_overlapping_template                    p = 0.443319  (B=111010100, N=8, M=125000, χ²=7.8998)
  [PASS] nist::non_overlapping_template                    p = 0.122283  (B=111010110, N=8, M=125000, χ²=12.7084)
  [PASS] nist::non_overlapping_template                    p = 0.113253  (B=111011000, N=8, M=125000, χ²=12.9594)
  [PASS] nist::non_overlapping_template                    p = 0.544591  (B=111011010, N=8, M=125000, χ²=6.9264)
  [PASS] nist::non_overlapping_template                    p = 0.398574  (B=111011100, N=8, M=125000, χ²=8.3658)
  [PASS] nist::non_overlapping_template                    p = 0.442900  (B=111100000, N=8, M=125000, χ²=7.9040)
  [PASS] nist::non_overlapping_template                    p = 0.392884  (B=111100010, N=8, M=125000, χ²=8.4273)
  [PASS] nist::non_overlapping_template                    p = 0.995358  (B=111100100, N=8, M=125000, χ²=1.3160)
  [PASS] nist::non_overlapping_template                    p = 0.879393  (B=111100110, N=8, M=125000, χ²=3.7447)
  [PASS] nist::non_overlapping_template                    p = 0.409202  (B=111101000, N=8, M=125000, χ²=8.2525)
  [PASS] nist::non_overlapping_template                    p = 0.298447  (B=111101010, N=8, M=125000, χ²=9.5447)
  [PASS] nist::non_overlapping_template                    p = 0.418776  (B=111101100, N=8, M=125000, χ²=8.1519)
  [PASS] nist::non_overlapping_template                    p = 0.139164  (B=111101110, N=8, M=125000, χ²=12.2795)
  [PASS] nist::non_overlapping_template                    p = 0.431362  (B=111110000, N=8, M=125000, χ²=8.0216)
  [PASS] nist::non_overlapping_template                    p = 0.987133  (B=111110010, N=8, M=125000, χ²=1.7757)
  [PASS] nist::non_overlapping_template                    p = 0.493945  (B=111110100, N=8, M=125000, χ²=7.4020)
  [PASS] nist::non_overlapping_template                    p = 0.273137  (B=111110110, N=8, M=125000, χ²=9.8857)
  [PASS] nist::non_overlapping_template                    p = 0.597805  (B=111111000, N=8, M=125000, χ²=6.4424)
  [PASS] nist::non_overlapping_template                    p = 0.170982  (B=111111010, N=8, M=125000, χ²=11.5794)
  [PASS] nist::non_overlapping_template                    p = 0.606174  (B=111111100, N=8, M=125000, χ²=6.3672)
  [PASS] nist::non_overlapping_template                    p = 0.323085  (B=111111110, N=8, M=125000, χ²=9.2322)
  [PASS] nist::serial_delta1                               p = 0.660870  (n=1000000, m=3, ∇²ψ²=2.4097)
  [PASS] nist::serial_delta2                               p = 0.923932  (n=1000000, m=3, ∇ψ²=3.1598)
  [PASS] maurer::universal_l06                             p = 0.555226  (n=1000000, L=6, Q=640, K=166026, f_n=5.2191, μ=5.2177, σ=0.002395)
  [PASS] maurer::universal_l07                             p = 0.816448  (n=1000000, L=7, Q=1280, K=141577, f_n=6.1969, μ=6.1963, σ=0.002770)
  [PASS] maurer::universal_l08                             p = 0.278661  (n=1000000, L=8, Q=2560, K=122440, f_n=7.1871, μ=7.1837, σ=0.003133)
  [PASS] maurer::universal_l09                             p = 0.692329  (n=1000000, L=9, Q=5120, K=105991, f_n=8.1778, μ=8.1764, σ=0.003514)
  [PASS] maurer::universal_l10                             p = 0.838093  (n=1000000, L=10, Q=10240, K=89760, f_n=9.1715, μ=9.1723, σ=0.003975)
  [PASS] maurer::universal_l11                             p = 0.786738  (n=1000000, L=11, Q=20480, K=70429, f_n=10.1713, μ=10.1700, σ=0.004679)
  [PASS] maurer::universal_l12                             p = 0.471734  (n=1000000, L=12, Q=40960, K=42373, f_n=11.1733, μ=11.1688, σ=0.006359)
  [SKIP] maurer::universal_l13                             p = N/A  (n too small for L=13, Q=81920 (need > 1064973 bits))
  [SKIP] maurer::universal_l14                             p = N/A  (n too small for L=14, Q=163840 (need > 2293774 bits))
  [SKIP] maurer::universal_l15                             p = N/A  (n too small for L=15, Q=327680 (need > 4915215 bits))
  [SKIP] maurer::universal_l16                             p = N/A  (n too small for L=16, Q=655360 (need > 10485776 bits))
  [PASS] nist::random_excursions                           p = 0.792934  (x=-4, J=748, χ²=2.3902)
  [PASS] nist::random_excursions                           p = 0.345370  (x=-3, J=748, χ²=5.6162)
  [PASS] nist::random_excursions                           p = 0.722498  (x=-2, J=748, χ²=2.8539)
  [PASS] nist::random_excursions                           p = 0.627437  (x=-1, J=748, χ²=3.4733)
  [PASS] nist::random_excursions                           p = 0.885786  (x=1, J=748, χ²=1.7246)
  [PASS] nist::random_excursions                           p = 0.181879  (x=2, J=748, χ²=7.5653)
  [PASS] nist::random_excursions                           p = 0.613208  (x=3, J=748, χ²=3.5674)
  [PASS] nist::random_excursions                           p = 0.294670  (x=4, J=748, χ²=6.1205)
  [PASS] nist::random_excursions_variant                   p = 0.954995  (x=-9, ξ(x)=739, J=748)
  [PASS] nist::random_excursions_variant                   p = 0.904356  (x=-8, ξ(x)=730, J=748)
  [PASS] nist::random_excursions_variant                   p = 0.688008  (x=-7, ξ(x)=692, J=748)
  [PASS] nist::random_excursions_variant                   p = 0.349558  (x=-6, ξ(x)=628, J=748)
  [PASS] nist::random_excursions_variant                   p = 0.227610  (x=-5, ξ(x)=608, J=748)
  [PASS] nist::random_excursions_variant                   p = 0.395232  (x=-4, ξ(x)=661, J=748)
  [PASS] nist::random_excursions_variant                   p = 0.367126  (x=-3, ξ(x)=670, J=748)
  [PASS] nist::random_excursions_variant                   p = 0.204513  (x=-2, ξ(x)=663, J=748)
  [PASS] nist::random_excursions_variant                   p = 0.408044  (x=-1, ξ(x)=716, J=748)
  [PASS] nist::random_excursions_variant                   p = 0.876722  (x=1, ξ(x)=754, J=748)
  [PASS] nist::random_excursions_variant                   p = 0.492307  (x=2, ξ(x)=794, J=748)
  [PASS] nist::random_excursions_variant                   p = 0.398637  (x=3, ξ(x)=821, J=748)
  [PASS] nist::random_excursions_variant                   p = 0.625124  (x=4, ξ(x)=798, J=748)
  [PASS] nist::random_excursions_variant                   p = 0.749825  (x=5, ξ(x)=711, J=748)
  [PASS] nist::random_excursions_variant                   p = 0.353588  (x=6, ξ(x)=629, J=748)
  [PASS] nist::random_excursions_variant                   p = 0.347544  (x=7, ξ(x)=617, J=748)
  [PASS] nist::random_excursions_variant                   p = 0.525964  (x=8, ξ(x)=653, J=748)
  [PASS] nist::random_excursions_variant                   p = 0.547188  (x=9, ξ(x)=652, J=748)

  ── DIEHARD unique tests (16000000 words) ──
  [PASS] diehard::birthday_spacings                        p = 0.999063  (m=512, year=2^24, samples=500)
  [PASS] diehard::binary_rank_32x32                        p = 0.190066  (32×32, N=40000, χ²=4.7621)
  [PASS] diehard::binary_rank_31x31                        p = 0.937695  (31×31, N=40000, χ²=0.4123)
  [PASS] diehard::binary_rank_6x8                          p = 0.757471  (N=100000, χ²=0.5555)
  [PASS] diehard::bitstream                                p = 1.000000  (window=20-bit, stream=2^21, repeats=20)
  [PASS] diehard::opso                                     p = 0.199484  (missing=142282, z=1.2830)
  [PASS] diehard::oqso                                     p = 0.872201  (missing=141957, z=0.1609)
  [PASS] diehard::dna                                      p = 0.911702  (missing=141873, z=-0.1109)
  [PASS] diehard::count_ones_stream                        p = 0.699139  (n=256000, Q5=3122.32, Q4=649.64, Q5-Q4=2472.67, Z=-0.3865)
  [PASS] diehard::parking_lot                              p = 0.999637  (attempts=12000, mean=3523, σ=21.9, repeats=10)
  [PASS] diehard::minimum_distance_2d                      p = 1.000000  (n=8000, side=10000, repeats=100 [BUGGY FORMULA — see diehard_2dsphere.c; use minimum_distance_nd(d=2) instead])
  [PASS] diehard::spheres_3d                               p = 1.000000  (n=4000, cube=1000, repeats=20)
  [PASS] diehard::squeeze                                  p = 0.751895  (trials=100000, cells=43, df=37, χ²=30.8477)
  [PASS] diehard::runs_up                                  p = 0.999637  (seq_len=10000, repeats=10, covariance-form)
  [PASS] diehard::runs_down                                p = 0.999637  (seq_len=10000, repeats=10, covariance-form)
  [PASS] diehard::craps_wins                               p = 0.924667  (games=200000, wins=98607, z=0.0946)
  [PASS] diehard::craps_throws                             p = 0.587103  (games=200000, df=21, χ²=18.9694)

  ── DIEHARDER unique tests (16000000 words) ──
  [PASS] dieharder::minimum_distance_nd                    p = 1.000000  (d=5, n=8000, repeats=100)
  [PASS] dieharder::permutations                           p = 0.116496  (t=5, n=100000, χ²=137.6336)
  [PASS] dieharder::lagged_sums                            p = 0.070397  (lag=1, tsamples=8000000, sum=4001477.3237, z=1.8093)
  [PASS] dieharder::lagged_sums                            p = 0.203789  (lag=100, tsamples=158415, sum=79353.5143, z=1.2708)
  [PASS] dieharder::ks_uniform                             p = 0.040866  (tsamples=16000000)
  [PASS] dieharder::byte_distribution                      p = 0.814388  (tsamples=5333333, streams=9, expected/cell=20833.3, χ²=2234.2950)
  [PASS] dieharder::dct                                    p = 0.124867  (ntuple=256, tsamples=5000, χ²=281.1776)
  [FAIL] dieharder::monobit2                               p = 0.008160  (tsamples=16000000, ntuple=11, block_sizes=2..2048)
  [PASS] dieharder::fill_tree_count                        p = 0.655086  (trials=100000, χ²=6.8274, start=4, end=14)
  [PASS] dieharder::fill_tree_position                     p = 0.224636  (trials=100000, χ²=18.7638)
  [PASS] dieharder::bit_distribution                       p = 0.891285  (width=1, pattern=0, tsamples=8000000, bsamples=64, df=36, χ²=25.9701)
  [PASS] dieharder::bit_distribution                       p = 0.891285  (width=1, pattern=1, tsamples=8000000, bsamples=64, df=36, χ²=25.9701)
  [PASS] dieharder::bit_distribution                       p = 0.752755  (width=2, pattern=0, tsamples=4000000, bsamples=64, df=30, χ²=24.4188)
  [PASS] dieharder::bit_distribution                       p = 0.390740  (width=2, pattern=1, tsamples=4000000, bsamples=64, df=30, χ²=31.5083)
  [PASS] dieharder::bit_distribution                       p = 0.542661  (width=2, pattern=2, tsamples=4000000, bsamples=64, df=30, χ²=28.5246)
  [PASS] dieharder::bit_distribution                       p = 0.172761  (width=2, pattern=3, tsamples=4000000, bsamples=64, df=30, χ²=37.1518)
  [PASS] dieharder::bit_distribution                       p = 0.768021  (width=3, pattern=0, tsamples=2666666, bsamples=64, df=21, χ²=16.0290)
  [PASS] dieharder::bit_distribution                       p = 0.676337  (width=3, pattern=1, tsamples=2666666, bsamples=64, df=21, χ²=17.5651)
  [PASS] dieharder::bit_distribution                       p = 0.243148  (width=3, pattern=2, tsamples=2666666, bsamples=64, df=21, χ²=25.0933)
  [PASS] dieharder::bit_distribution                       p = 0.390325  (width=3, pattern=3, tsamples=2666666, bsamples=64, df=21, χ²=22.1603)
  [PASS] dieharder::bit_distribution                       p = 0.993195  (width=3, pattern=4, tsamples=2666666, bsamples=64, df=21, χ²=8.4012)
  [PASS] dieharder::bit_distribution                       p = 0.471847  (width=3, pattern=5, tsamples=2666666, bsamples=64, df=21, χ²=20.7897)
  [PASS] dieharder::bit_distribution                       p = 0.908193  (width=3, pattern=6, tsamples=2666666, bsamples=64, df=21, χ²=13.0123)
  [PASS] dieharder::bit_distribution                       p = 0.864620  (width=3, pattern=7, tsamples=2666666, bsamples=64, df=21, χ²=14.1148)
  [PASS] dieharder::bit_distribution                       p = 0.951683  (width=4, pattern=0, tsamples=2000000, bsamples=64, df=14, χ²=6.5186)
  [PASS] dieharder::bit_distribution                       p = 0.013935  (width=4, pattern=1, tsamples=2000000, bsamples=64, df=14, χ²=28.0680)
  [PASS] dieharder::bit_distribution                       p = 0.061485  (width=4, pattern=2, tsamples=2000000, bsamples=64, df=14, χ²=22.9260)
  [PASS] dieharder::bit_distribution                       p = 0.712914  (width=4, pattern=3, tsamples=2000000, bsamples=64, df=14, χ²=10.6548)
  [PASS] dieharder::bit_distribution                       p = 0.481666  (width=4, pattern=4, tsamples=2000000, bsamples=64, df=14, χ²=13.5771)
  [PASS] dieharder::bit_distribution                       p = 0.834006  (width=4, pattern=5, tsamples=2000000, bsamples=64, df=14, χ²=8.9537)
  [PASS] dieharder::bit_distribution                       p = 0.980281  (width=4, pattern=6, tsamples=2000000, bsamples=64, df=14, χ²=5.3523)
  [PASS] dieharder::bit_distribution                       p = 0.599506  (width=4, pattern=7, tsamples=2000000, bsamples=64, df=14, χ²=12.0846)
  [PASS] dieharder::bit_distribution                       p = 0.857914  (width=4, pattern=8, tsamples=2000000, bsamples=64, df=14, χ²=8.5642)
  [FAIL] dieharder::bit_distribution                       p = 0.002910  (width=4, pattern=9, tsamples=2000000, bsamples=64, df=14, χ²=32.9700)
  [PASS] dieharder::bit_distribution                       p = 0.621847  (width=4, pattern=10, tsamples=2000000, bsamples=64, df=14, χ²=11.8064)
  [PASS] dieharder::bit_distribution                       p = 0.171824  (width=4, pattern=11, tsamples=2000000, bsamples=64, df=14, χ²=18.8230)
  [PASS] dieharder::bit_distribution                       p = 0.351131  (width=4, pattern=12, tsamples=2000000, bsamples=64, df=14, χ²=15.4036)
  [PASS] dieharder::bit_distribution                       p = 0.785362  (width=4, pattern=13, tsamples=2000000, bsamples=64, df=14, χ²=9.6775)
  [PASS] dieharder::bit_distribution                       p = 0.030655  (width=4, pattern=14, tsamples=2000000, bsamples=64, df=14, χ²=25.4184)
  [PASS] dieharder::bit_distribution                       p = 0.874592  (width=4, pattern=15, tsamples=2000000, bsamples=64, df=14, χ²=8.2736)
  [PASS] dieharder::bit_distribution                       p = 0.902519  (width=5, pattern=0, tsamples=1600000, bsamples=64, df=10, χ²=4.8256)
  [PASS] dieharder::bit_distribution                       p = 0.627563  (width=5, pattern=1, tsamples=1600000, bsamples=64, df=10, χ²=8.0130)
  [PASS] dieharder::bit_distribution                       p = 0.709935  (width=5, pattern=2, tsamples=1600000, bsamples=64, df=10, χ²=7.1634)
  [FAIL] dieharder::bit_distribution                       p = 0.008458  (width=5, pattern=3, tsamples=1600000, bsamples=64, df=10, χ²=23.6931)
  [PASS] dieharder::bit_distribution                       p = 0.769683  (width=5, pattern=4, tsamples=1600000, bsamples=64, df=10, χ²=6.5218)
  [PASS] dieharder::bit_distribution                       p = 0.259458  (width=5, pattern=5, tsamples=1600000, bsamples=64, df=10, χ²=12.3955)
  [PASS] dieharder::bit_distribution                       p = 0.226985  (width=5, pattern=6, tsamples=1600000, bsamples=64, df=10, χ²=12.9411)
  [PASS] dieharder::bit_distribution                       p = 0.796423  (width=5, pattern=7, tsamples=1600000, bsamples=64, df=10, χ²=6.2203)
  [PASS] dieharder::bit_distribution                       p = 0.155672  (width=5, pattern=8, tsamples=1600000, bsamples=64, df=10, χ²=14.3963)
  [PASS] dieharder::bit_distribution                       p = 0.310633  (width=5, pattern=9, tsamples=1600000, bsamples=64, df=10, χ²=11.6293)
  [PASS] dieharder::bit_distribution                       p = 0.858201  (width=5, pattern=10, tsamples=1600000, bsamples=64, df=10, χ²=5.4628)
  [PASS] dieharder::bit_distribution                       p = 0.121612  (width=5, pattern=11, tsamples=1600000, bsamples=64, df=10, χ²=15.2967)
  [PASS] dieharder::bit_distribution                       p = 0.109958  (width=5, pattern=12, tsamples=1600000, bsamples=64, df=10, χ²=15.6546)
  [PASS] dieharder::bit_distribution                       p = 0.472946  (width=5, pattern=13, tsamples=1600000, bsamples=64, df=10, χ²=9.6365)
  [PASS] dieharder::bit_distribution                       p = 0.963412  (width=5, pattern=14, tsamples=1600000, bsamples=64, df=10, χ²=3.6050)
  [PASS] dieharder::bit_distribution                       p = 0.523357  (width=5, pattern=15, tsamples=1600000, bsamples=64, df=10, χ²=9.0924)
  [PASS] dieharder::bit_distribution                       p = 0.967078  (width=5, pattern=16, tsamples=1600000, bsamples=64, df=10, χ²=3.5006)
  [PASS] dieharder::bit_distribution                       p = 0.837162  (width=5, pattern=17, tsamples=1600000, bsamples=64, df=10, χ²=5.7332)
  [PASS] dieharder::bit_distribution                       p = 0.140007  (width=5, pattern=18, tsamples=1600000, bsamples=64, df=10, χ²=14.7874)
  [PASS] dieharder::bit_distribution                       p = 0.236937  (width=5, pattern=19, tsamples=1600000, bsamples=64, df=10, χ²=12.7679)
  [PASS] dieharder::bit_distribution                       p = 0.544019  (width=5, pattern=20, tsamples=1600000, bsamples=64, df=10, χ²=8.8749)
  [PASS] dieharder::bit_distribution                       p = 0.349084  (width=5, pattern=21, tsamples=1600000, bsamples=64, df=10, χ²=11.1091)
  [PASS] dieharder::bit_distribution                       p = 0.292213  (width=5, pattern=22, tsamples=1600000, bsamples=64, df=10, χ²=11.8940)
  [PASS] dieharder::bit_distribution                       p = 0.729732  (width=5, pattern=23, tsamples=1600000, bsamples=64, df=10, χ²=6.9545)
  [PASS] dieharder::bit_distribution                       p = 0.062525  (width=5, pattern=24, tsamples=1600000, bsamples=64, df=10, χ²=17.5774)
  [PASS] dieharder::bit_distribution                       p = 0.819767  (width=5, pattern=25, tsamples=1600000, bsamples=64, df=10, χ²=5.9462)
  [PASS] dieharder::bit_distribution                       p = 0.351775  (width=5, pattern=26, tsamples=1600000, bsamples=64, df=10, χ²=11.0741)
  [PASS] dieharder::bit_distribution                       p = 0.760676  (width=5, pattern=27, tsamples=1600000, bsamples=64, df=10, χ²=6.6210)
  [PASS] dieharder::bit_distribution                       p = 0.913404  (width=5, pattern=28, tsamples=1600000, bsamples=64, df=10, χ²=4.6482)
  [PASS] dieharder::bit_distribution                       p = 0.672780  (width=5, pattern=29, tsamples=1600000, bsamples=64, df=10, χ²=7.5492)
  [PASS] dieharder::bit_distribution                       p = 0.498763  (width=5, pattern=30, tsamples=1600000, bsamples=64, df=10, χ²=9.3551)
  [PASS] dieharder::bit_distribution                       p = 0.672746  (width=5, pattern=31, tsamples=1600000, bsamples=64, df=10, χ²=7.5495)
  [PASS] dieharder::bit_distribution                       p = 0.568060  (width=6, pattern=0, tsamples=1333333, bsamples=64, df=7, χ²=5.7598)
  [PASS] dieharder::bit_distribution                       p = 0.501117  (width=6, pattern=1, tsamples=1333333, bsamples=64, df=7, χ²=6.3359)
  [PASS] dieharder::bit_distribution                       p = 0.719007  (width=6, pattern=2, tsamples=1333333, bsamples=64, df=7, χ²=4.5142)
  [PASS] dieharder::bit_distribution                       p = 0.206406  (width=6, pattern=3, tsamples=1333333, bsamples=64, df=7, χ²=9.6970)
  [PASS] dieharder::bit_distribution                       p = 0.906655  (width=6, pattern=4, tsamples=1333333, bsamples=64, df=7, χ²=2.7556)
  [PASS] dieharder::bit_distribution                       p = 0.867673  (width=6, pattern=5, tsamples=1333333, bsamples=64, df=7, χ²=3.1820)
  [PASS] dieharder::bit_distribution                       p = 0.328582  (width=6, pattern=6, tsamples=1333333, bsamples=64, df=7, χ²=8.0457)
  [PASS] dieharder::bit_distribution                       p = 0.176092  (width=6, pattern=7, tsamples=1333333, bsamples=64, df=7, χ²=10.2266)
  [PASS] dieharder::bit_distribution                       p = 0.363055  (width=6, pattern=8, tsamples=1333333, bsamples=64, df=7, χ²=7.6650)
  [PASS] dieharder::bit_distribution                       p = 0.893675  (width=6, pattern=9, tsamples=1333333, bsamples=64, df=7, χ²=2.9047)
  [PASS] dieharder::bit_distribution                       p = 0.215129  (width=6, pattern=10, tsamples=1333333, bsamples=64, df=7, χ²=9.5565)
  [PASS] dieharder::bit_distribution                       p = 0.647372  (width=6, pattern=11, tsamples=1333333, bsamples=64, df=7, χ²=5.1032)
  [PASS] dieharder::bit_distribution                       p = 0.796378  (width=6, pattern=12, tsamples=1333333, bsamples=64, df=7, χ²=3.8545)
  [PASS] dieharder::bit_distribution                       p = 0.594105  (width=6, pattern=13, tsamples=1333333, bsamples=64, df=7, χ²=5.5421)
  [PASS] dieharder::bit_distribution                       p = 0.354691  (width=6, pattern=14, tsamples=1333333, bsamples=64, df=7, χ²=7.7550)
  [PASS] dieharder::bit_distribution                       p = 0.352877  (width=6, pattern=15, tsamples=1333333, bsamples=64, df=7, χ²=7.7747)
  [PASS] dieharder::bit_distribution                       p = 0.134172  (width=6, pattern=16, tsamples=1333333, bsamples=64, df=7, χ²=11.1034)
  [PASS] dieharder::bit_distribution                       p = 0.717326  (width=6, pattern=17, tsamples=1333333, bsamples=64, df=7, χ²=4.5281)
  [PASS] dieharder::bit_distribution                       p = 0.125579  (width=6, pattern=18, tsamples=1333333, bsamples=64, df=7, χ²=11.3119)
  [PASS] dieharder::bit_distribution                       p = 0.584148  (width=6, pattern=19, tsamples=1333333, bsamples=64, df=7, χ²=5.6250)
  [PASS] dieharder::bit_distribution                       p = 0.541306  (width=6, pattern=20, tsamples=1333333, bsamples=64, df=7, χ²=5.9867)
  [PASS] dieharder::bit_distribution                       p = 0.713801  (width=6, pattern=21, tsamples=1333333, bsamples=64, df=7, χ²=4.5573)
  [PASS] dieharder::bit_distribution                       p = 0.996712  (width=6, pattern=22, tsamples=1333333, bsamples=64, df=7, χ²=0.8659)
  [PASS] dieharder::bit_distribution                       p = 0.296455  (width=6, pattern=23, tsamples=1333333, bsamples=64, df=7, χ²=8.4269)
  [PASS] dieharder::bit_distribution                       p = 0.737204  (width=6, pattern=24, tsamples=1333333, bsamples=64, df=7, χ²=4.3625)
  [PASS] dieharder::bit_distribution                       p = 0.488977  (width=6, pattern=25, tsamples=1333333, bsamples=64, df=7, χ²=6.4439)
  [PASS] dieharder::bit_distribution                       p = 0.219539  (width=6, pattern=26, tsamples=1333333, bsamples=64, df=7, χ²=9.4872)
  [PASS] dieharder::bit_distribution                       p = 0.996489  (width=6, pattern=27, tsamples=1333333, bsamples=64, df=7, χ²=0.8840)
  [PASS] dieharder::bit_distribution                       p = 0.271839  (width=6, pattern=28, tsamples=1333333, bsamples=64, df=7, χ²=8.7404)
  [PASS] dieharder::bit_distribution                       p = 0.880113  (width=6, pattern=29, tsamples=1333333, bsamples=64, df=7, χ²=3.0524)
  [PASS] dieharder::bit_distribution                       p = 0.771292  (width=6, pattern=30, tsamples=1333333, bsamples=64, df=7, χ²=4.0733)
  [PASS] dieharder::bit_distribution                       p = 0.577073  (width=6, pattern=31, tsamples=1333333, bsamples=64, df=7, χ²=5.6842)
  [PASS] dieharder::bit_distribution                       p = 0.665923  (width=6, pattern=32, tsamples=1333333, bsamples=64, df=7, χ²=4.9512)
  [PASS] dieharder::bit_distribution                       p = 0.846606  (width=6, pattern=33, tsamples=1333333, bsamples=64, df=7, χ²=3.3913)
  [PASS] dieharder::bit_distribution                       p = 0.083037  (width=6, pattern=34, tsamples=1333333, bsamples=64, df=7, χ²=12.5797)
  [PASS] dieharder::bit_distribution                       p = 0.554833  (width=6, pattern=35, tsamples=1333333, bsamples=64, df=7, χ²=5.8715)
  [PASS] dieharder::bit_distribution                       p = 0.710304  (width=6, pattern=36, tsamples=1333333, bsamples=64, df=7, χ²=4.5863)
  [PASS] dieharder::bit_distribution                       p = 0.621697  (width=6, pattern=37, tsamples=1333333, bsamples=64, df=7, χ²=5.3141)
  [PASS] dieharder::bit_distribution                       p = 0.372404  (width=6, pattern=38, tsamples=1333333, bsamples=64, df=7, χ²=7.5661)
  [PASS] dieharder::bit_distribution                       p = 0.865462  (width=6, pattern=39, tsamples=1333333, bsamples=64, df=7, χ²=3.2045)
  [PASS] dieharder::bit_distribution                       p = 0.973884  (width=6, pattern=40, tsamples=1333333, bsamples=64, df=7, χ²=1.7158)
  [PASS] dieharder::bit_distribution                       p = 0.555487  (width=6, pattern=41, tsamples=1333333, bsamples=64, df=7, χ²=5.8659)
  [PASS] dieharder::bit_distribution                       p = 0.059445  (width=6, pattern=42, tsamples=1333333, bsamples=64, df=7, χ²=13.5668)
  [PASS] dieharder::bit_distribution                       p = 0.715997  (width=6, pattern=43, tsamples=1333333, bsamples=64, df=7, χ²=4.5392)
  [PASS] dieharder::bit_distribution                       p = 0.188212  (width=6, pattern=44, tsamples=1333333, bsamples=64, df=7, χ²=10.0064)
  [PASS] dieharder::bit_distribution                       p = 0.581669  (width=6, pattern=45, tsamples=1333333, bsamples=64, df=7, χ²=5.6457)
  [PASS] dieharder::bit_distribution                       p = 0.903965  (width=6, pattern=46, tsamples=1333333, bsamples=64, df=7, χ²=2.7872)
  [PASS] dieharder::bit_distribution                       p = 0.497129  (width=6, pattern=47, tsamples=1333333, bsamples=64, df=7, χ²=6.3713)
  [PASS] dieharder::bit_distribution                       p = 0.319374  (width=6, pattern=48, tsamples=1333333, bsamples=64, df=7, χ²=8.1521)
  [PASS] dieharder::bit_distribution                       p = 0.920943  (width=6, pattern=49, tsamples=1333333, bsamples=64, df=7, χ²=2.5801)
  [PASS] dieharder::bit_distribution                       p = 0.045406  (width=6, pattern=50, tsamples=1333333, bsamples=64, df=7, χ²=14.3430)
  [PASS] dieharder::bit_distribution                       p = 0.456641  (width=6, pattern=51, tsamples=1333333, bsamples=64, df=7, χ²=6.7382)
  [PASS] dieharder::bit_distribution                       p = 0.275630  (width=6, pattern=52, tsamples=1333333, bsamples=64, df=7, χ²=8.6907)
  [PASS] dieharder::bit_distribution                       p = 0.399583  (width=6, pattern=53, tsamples=1333333, bsamples=64, df=7, χ²=7.2874)
  [PASS] dieharder::bit_distribution                       p = 0.853543  (width=6, pattern=54, tsamples=1333333, bsamples=64, df=7, χ²=3.3236)
  [PASS] dieharder::bit_distribution                       p = 0.561192  (width=6, pattern=55, tsamples=1333333, bsamples=64, df=7, χ²=5.8177)
  [PASS] dieharder::bit_distribution                       p = 0.770218  (width=6, pattern=56, tsamples=1333333, bsamples=64, df=7, χ²=4.0826)
  [PASS] dieharder::bit_distribution                       p = 0.532326  (width=6, pattern=57, tsamples=1333333, bsamples=64, df=7, χ²=6.0637)
  [PASS] dieharder::bit_distribution                       p = 0.524121  (width=6, pattern=58, tsamples=1333333, bsamples=64, df=7, χ²=6.1346)
  [PASS] dieharder::bit_distribution                       p = 0.084420  (width=6, pattern=59, tsamples=1333333, bsamples=64, df=7, χ²=12.5301)
  [PASS] dieharder::bit_distribution                       p = 0.285820  (width=6, pattern=60, tsamples=1333333, bsamples=64, df=7, χ²=8.5598)
  [PASS] dieharder::bit_distribution                       p = 0.792539  (width=6, pattern=61, tsamples=1333333, bsamples=64, df=7, χ²=3.8884)
  [PASS] dieharder::bit_distribution                       p = 0.931354  (width=6, pattern=62, tsamples=1333333, bsamples=64, df=7, χ²=2.4426)
  [PASS] dieharder::bit_distribution                       p = 0.134052  (width=6, pattern=63, tsamples=1333333, bsamples=64, df=7, χ²=11.1062)
  [PASS] dieharder::bit_distribution                       p = 0.580374  (width=7, pattern=0, tsamples=1142857, bsamples=64, df=5, χ²=3.7877)
  [PASS] dieharder::bit_distribution                       p = 0.378473  (width=7, pattern=1, tsamples=1142857, bsamples=64, df=5, χ²=5.3166)
  [PASS] dieharder::bit_distribution                       p = 0.846036  (width=7, pattern=2, tsamples=1142857, bsamples=64, df=5, χ²=2.0224)
  [PASS] dieharder::bit_distribution                       p = 0.671148  (width=7, pattern=3, tsamples=1142857, bsamples=64, df=5, χ²=3.1872)
  [PASS] dieharder::bit_distribution                       p = 0.877706  (width=7, pattern=4, tsamples=1142857, bsamples=64, df=5, χ²=1.7874)
  [PASS] dieharder::bit_distribution                       p = 0.883278  (width=7, pattern=5, tsamples=1142857, bsamples=64, df=5, χ²=1.7443)
  [PASS] dieharder::bit_distribution                       p = 0.087902  (width=7, pattern=6, tsamples=1142857, bsamples=64, df=5, χ²=9.5845)
  [PASS] dieharder::bit_distribution                       p = 0.901385  (width=7, pattern=7, tsamples=1142857, bsamples=64, df=5, χ²=1.5989)
  [PASS] dieharder::bit_distribution                       p = 0.332090  (width=7, pattern=8, tsamples=1142857, bsamples=64, df=5, χ²=5.7425)
  [PASS] dieharder::bit_distribution                       p = 0.395102  (width=7, pattern=9, tsamples=1142857, bsamples=64, df=5, χ²=5.1733)
  [PASS] dieharder::bit_distribution                       p = 0.425815  (width=7, pattern=10, tsamples=1142857, bsamples=64, df=5, χ²=4.9192)
  [PASS] dieharder::bit_distribution                       p = 0.844291  (width=7, pattern=11, tsamples=1142857, bsamples=64, df=5, χ²=2.0349)
  [PASS] dieharder::bit_distribution                       p = 0.525889  (width=7, pattern=12, tsamples=1142857, bsamples=64, df=5, χ²=4.1652)
  [PASS] dieharder::bit_distribution                       p = 0.966804  (width=7, pattern=13, tsamples=1142857, bsamples=64, df=5, χ²=0.9460)
  [PASS] dieharder::bit_distribution                       p = 0.871535  (width=7, pattern=14, tsamples=1142857, bsamples=64, df=5, χ²=1.8345)
  [PASS] dieharder::bit_distribution                       p = 0.604947  (width=7, pattern=15, tsamples=1142857, bsamples=64, df=5, χ²=3.6224)
  [PASS] dieharder::bit_distribution                       p = 0.416029  (width=7, pattern=16, tsamples=1142857, bsamples=64, df=5, χ²=4.9988)
  [PASS] dieharder::bit_distribution                       p = 0.683831  (width=7, pattern=17, tsamples=1142857, bsamples=64, df=5, χ²=3.1048)
  [PASS] dieharder::bit_distribution                       p = 0.847370  (width=7, pattern=18, tsamples=1142857, bsamples=64, df=5, χ²=2.0128)
  [PASS] dieharder::bit_distribution                       p = 0.647491  (width=7, pattern=19, tsamples=1142857, bsamples=64, df=5, χ²=3.3415)
  [PASS] dieharder::bit_distribution                       p = 0.829895  (width=7, pattern=20, tsamples=1142857, bsamples=64, df=5, χ²=2.1369)
  [PASS] dieharder::bit_distribution                       p = 0.147185  (width=7, pattern=21, tsamples=1142857, bsamples=64, df=5, χ²=8.1686)
  [PASS] dieharder::bit_distribution                       p = 0.166833  (width=7, pattern=22, tsamples=1142857, bsamples=64, df=5, χ²=7.8133)
  [PASS] dieharder::bit_distribution                       p = 0.594042  (width=7, pattern=23, tsamples=1142857, bsamples=64, df=5, χ²=3.6954)
  [PASS] dieharder::bit_distribution                       p = 0.516382  (width=7, pattern=24, tsamples=1142857, bsamples=64, df=5, χ²=4.2330)
  [PASS] dieharder::bit_distribution                       p = 0.800277  (width=7, pattern=25, tsamples=1142857, bsamples=64, df=5, χ²=2.3407)
  [PASS] dieharder::bit_distribution                       p = 0.948235  (width=7, pattern=26, tsamples=1142857, bsamples=64, df=5, χ²=1.1645)
  [PASS] dieharder::bit_distribution                       p = 0.251624  (width=7, pattern=27, tsamples=1142857, bsamples=64, df=5, χ²=6.6061)
  [PASS] dieharder::bit_distribution                       p = 0.057129  (width=7, pattern=28, tsamples=1142857, bsamples=64, df=5, χ²=10.7243)
  [PASS] dieharder::bit_distribution                       p = 0.387619  (width=7, pattern=29, tsamples=1142857, bsamples=64, df=5, χ²=5.2372)
  [PASS] dieharder::bit_distribution                       p = 0.570404  (width=7, pattern=30, tsamples=1142857, bsamples=64, df=5, χ²=3.8555)
  [PASS] dieharder::bit_distribution                       p = 0.193244  (width=7, pattern=31, tsamples=1142857, bsamples=64, df=5, χ²=7.3895)
  [PASS] dieharder::bit_distribution                       p = 0.213428  (width=7, pattern=32, tsamples=1142857, bsamples=64, df=5, χ²=7.0984)
  [PASS] dieharder::bit_distribution                       p = 0.774506  (width=7, pattern=33, tsamples=1142857, bsamples=64, df=5, χ²=2.5132)
  [PASS] dieharder::bit_distribution                       p = 0.229245  (width=7, pattern=34, tsamples=1142857, bsamples=64, df=5, χ²=6.8862)
  [PASS] dieharder::bit_distribution                       p = 0.681366  (width=7, pattern=35, tsamples=1142857, bsamples=64, df=5, χ²=3.1208)
  [PASS] dieharder::bit_distribution                       p = 0.222308  (width=7, pattern=36, tsamples=1142857, bsamples=64, df=5, χ²=6.9776)
  [PASS] dieharder::bit_distribution                       p = 0.101522  (width=7, pattern=37, tsamples=1142857, bsamples=64, df=5, χ²=9.1953)
  [PASS] dieharder::bit_distribution                       p = 0.860104  (width=7, pattern=38, tsamples=1142857, bsamples=64, df=5, χ²=1.9200)
  [PASS] dieharder::bit_distribution                       p = 0.513019  (width=7, pattern=39, tsamples=1142857, bsamples=64, df=5, χ²=4.2571)
  [PASS] dieharder::bit_distribution                       p = 0.242554  (width=7, pattern=40, tsamples=1142857, bsamples=64, df=5, χ²=6.7170)
  [PASS] dieharder::bit_distribution                       p = 0.171244  (width=7, pattern=41, tsamples=1142857, bsamples=64, df=5, χ²=7.7386)
  [PASS] dieharder::bit_distribution                       p = 0.506160  (width=7, pattern=42, tsamples=1142857, bsamples=64, df=5, χ²=4.3067)
  [PASS] dieharder::bit_distribution                       p = 0.375426  (width=7, pattern=43, tsamples=1142857, bsamples=64, df=5, χ²=5.3434)
  [PASS] dieharder::bit_distribution                       p = 0.489353  (width=7, pattern=44, tsamples=1142857, bsamples=64, df=5, χ²=4.4296)
  [PASS] dieharder::bit_distribution                       p = 0.123590  (width=7, pattern=45, tsamples=1142857, bsamples=64, df=5, χ²=8.6562)
  [PASS] dieharder::bit_distribution                       p = 0.652972  (width=7, pattern=46, tsamples=1142857, bsamples=64, df=5, χ²=3.3057)
  [PASS] dieharder::bit_distribution                       p = 0.141638  (width=7, pattern=47, tsamples=1142857, bsamples=64, df=5, χ²=8.2766)
  [PASS] dieharder::bit_distribution                       p = 0.169631  (width=7, pattern=48, tsamples=1142857, bsamples=64, df=5, χ²=7.7657)
  [PASS] dieharder::bit_distribution                       p = 0.684009  (width=7, pattern=49, tsamples=1142857, bsamples=64, df=5, χ²=3.1037)
  [PASS] dieharder::bit_distribution                       p = 0.246962  (width=7, pattern=50, tsamples=1142857, bsamples=64, df=5, χ²=6.6627)
  [PASS] dieharder::bit_distribution                       p = 0.255658  (width=7, pattern=51, tsamples=1142857, bsamples=64, df=5, χ²=6.5578)
  [PASS] dieharder::bit_distribution                       p = 0.816916  (width=7, pattern=52, tsamples=1142857, bsamples=64, df=5, χ²=2.2271)
  [PASS] dieharder::bit_distribution                       p = 0.248252  (width=7, pattern=53, tsamples=1142857, bsamples=64, df=5, χ²=6.6469)
  [PASS] dieharder::bit_distribution                       p = 0.302454  (width=7, pattern=54, tsamples=1142857, bsamples=64, df=5, χ²=6.0389)
  [PASS] dieharder::bit_distribution                       p = 0.069219  (width=7, pattern=55, tsamples=1142857, bsamples=64, df=5, χ²=10.2207)
  [PASS] dieharder::bit_distribution                       p = 0.506587  (width=7, pattern=56, tsamples=1142857, bsamples=64, df=5, χ²=4.3036)
  [PASS] dieharder::bit_distribution                       p = 0.473580  (width=7, pattern=57, tsamples=1142857, bsamples=64, df=5, χ²=4.5473)
  [PASS] dieharder::bit_distribution                       p = 0.714249  (width=7, pattern=58, tsamples=1142857, bsamples=64, df=5, χ²=2.9075)
  [PASS] dieharder::bit_distribution                       p = 0.817249  (width=7, pattern=59, tsamples=1142857, bsamples=64, df=5, χ²=2.2248)
  [PASS] dieharder::bit_distribution                       p = 0.227738  (width=7, pattern=60, tsamples=1142857, bsamples=64, df=5, χ²=6.9058)
  [PASS] dieharder::bit_distribution                       p = 0.616683  (width=7, pattern=61, tsamples=1142857, bsamples=64, df=5, χ²=3.5444)
  [PASS] dieharder::bit_distribution                       p = 0.076229  (width=7, pattern=62, tsamples=1142857, bsamples=64, df=5, χ²=9.9652)
  [PASS] dieharder::bit_distribution                       p = 0.177617  (width=7, pattern=63, tsamples=1142857, bsamples=64, df=5, χ²=7.6336)
  [PASS] dieharder::bit_distribution                       p = 0.602119  (width=7, pattern=64, tsamples=1142857, bsamples=64, df=5, χ²=3.6413)
  [PASS] dieharder::bit_distribution                       p = 0.882806  (width=7, pattern=65, tsamples=1142857, bsamples=64, df=5, χ²=1.7479)
  [FAIL] dieharder::bit_distribution                       p = 0.003421  (width=7, pattern=66, tsamples=1142857, bsamples=64, df=5, χ²=17.6485)
  [PASS] dieharder::bit_distribution                       p = 0.047628  (width=7, pattern=67, tsamples=1142857, bsamples=64, df=5, χ²=11.1961)
  [PASS] dieharder::bit_distribution                       p = 0.400056  (width=7, pattern=68, tsamples=1142857, bsamples=64, df=5, χ²=5.1314)
  [PASS] dieharder::bit_distribution                       p = 0.258810  (width=7, pattern=69, tsamples=1142857, bsamples=64, df=5, χ²=6.5205)
  [PASS] dieharder::bit_distribution                       p = 0.346118  (width=7, pattern=70, tsamples=1142857, bsamples=64, df=5, χ²=5.6092)
  [PASS] dieharder::bit_distribution                       p = 0.789521  (width=7, pattern=71, tsamples=1142857, bsamples=64, df=5, χ²=2.4131)
  [PASS] dieharder::bit_distribution                       p = 0.357116  (width=7, pattern=72, tsamples=1142857, bsamples=64, df=5, χ²=5.5076)
  [PASS] dieharder::bit_distribution                       p = 0.785597  (width=7, pattern=73, tsamples=1142857, bsamples=64, df=5, χ²=2.4394)
  [PASS] dieharder::bit_distribution                       p = 0.256733  (width=7, pattern=74, tsamples=1142857, bsamples=64, df=5, χ²=6.5450)
  [PASS] dieharder::bit_distribution                       p = 0.355672  (width=7, pattern=75, tsamples=1142857, bsamples=64, df=5, χ²=5.5208)
  [PASS] dieharder::bit_distribution                       p = 0.520843  (width=7, pattern=76, tsamples=1142857, bsamples=64, df=5, χ²=4.2011)
  [PASS] dieharder::bit_distribution                       p = 0.355301  (width=7, pattern=77, tsamples=1142857, bsamples=64, df=5, χ²=5.5242)
  [PASS] dieharder::bit_distribution                       p = 0.759268  (width=7, pattern=78, tsamples=1142857, bsamples=64, df=5, χ²=2.6138)
  [PASS] dieharder::bit_distribution                       p = 0.048626  (width=7, pattern=79, tsamples=1142857, bsamples=64, df=5, χ²=11.1426)
  [PASS] dieharder::bit_distribution                       p = 0.527969  (width=7, pattern=80, tsamples=1142857, bsamples=64, df=5, χ²=4.1504)
  [PASS] dieharder::bit_distribution                       p = 0.827965  (width=7, pattern=81, tsamples=1142857, bsamples=64, df=5, χ²=2.1504)
  [PASS] dieharder::bit_distribution                       p = 0.255080  (width=7, pattern=82, tsamples=1142857, bsamples=64, df=5, χ²=6.5647)
  [PASS] dieharder::bit_distribution                       p = 0.795189  (width=7, pattern=83, tsamples=1142857, bsamples=64, df=5, χ²=2.3750)
  [PASS] dieharder::bit_distribution                       p = 0.275477  (width=7, pattern=84, tsamples=1142857, bsamples=64, df=5, χ²=6.3294)
  [PASS] dieharder::bit_distribution                       p = 0.689119  (width=7, pattern=85, tsamples=1142857, bsamples=64, df=5, χ²=3.0705)
  [PASS] dieharder::bit_distribution                       p = 0.858704  (width=7, pattern=86, tsamples=1142857, bsamples=64, df=5, χ²=1.9303)
  [PASS] dieharder::bit_distribution                       p = 0.253482  (width=7, pattern=87, tsamples=1142857, bsamples=64, df=5, χ²=6.5838)
  [PASS] dieharder::bit_distribution                       p = 0.014231  (width=7, pattern=88, tsamples=1142857, bsamples=64, df=5, χ²=14.2269)
  [PASS] dieharder::bit_distribution                       p = 0.593100  (width=7, pattern=89, tsamples=1142857, bsamples=64, df=5, χ²=3.7018)
  [PASS] dieharder::bit_distribution                       p = 0.721461  (width=7, pattern=90, tsamples=1142857, bsamples=64, df=5, χ²=2.8606)
  [PASS] dieharder::bit_distribution                       p = 0.485130  (width=7, pattern=91, tsamples=1142857, bsamples=64, df=5, χ²=4.4609)
  [PASS] dieharder::bit_distribution                       p = 0.197244  (width=7, pattern=92, tsamples=1142857, bsamples=64, df=5, χ²=7.3298)
  [PASS] dieharder::bit_distribution                       p = 0.512433  (width=7, pattern=93, tsamples=1142857, bsamples=64, df=5, χ²=4.2614)
  [PASS] dieharder::bit_distribution                       p = 0.386424  (width=7, pattern=94, tsamples=1142857, bsamples=64, df=5, χ²=5.2475)
  [PASS] dieharder::bit_distribution                       p = 0.047506  (width=7, pattern=95, tsamples=1142857, bsamples=64, df=5, χ²=11.2027)
  [PASS] dieharder::bit_distribution                       p = 0.437249  (width=7, pattern=96, tsamples=1142857, bsamples=64, df=5, χ²=4.8278)
  [PASS] dieharder::bit_distribution                       p = 0.351716  (width=7, pattern=97, tsamples=1142857, bsamples=64, df=5, χ²=5.5572)
  [PASS] dieharder::bit_distribution                       p = 0.358208  (width=7, pattern=98, tsamples=1142857, bsamples=64, df=5, χ²=5.4976)
  [PASS] dieharder::bit_distribution                       p = 0.340806  (width=7, pattern=99, tsamples=1142857, bsamples=64, df=5, χ²=5.6592)
  [PASS] dieharder::bit_distribution                       p = 0.067291  (width=7, pattern=100, tsamples=1142857, bsamples=64, df=5, χ²=10.2952)
  [PASS] dieharder::bit_distribution                       p = 0.209110  (width=7, pattern=101, tsamples=1142857, bsamples=64, df=5, χ²=7.1586)
  [PASS] dieharder::bit_distribution                       p = 0.309189  (width=7, pattern=102, tsamples=1142857, bsamples=64, df=5, χ²=5.9696)
  [PASS] dieharder::bit_distribution                       p = 0.206404  (width=7, pattern=103, tsamples=1142857, bsamples=64, df=5, χ²=7.1969)
  [PASS] dieharder::bit_distribution                       p = 0.923983  (width=7, pattern=104, tsamples=1142857, bsamples=64, df=5, χ²=1.4030)
  [PASS] dieharder::bit_distribution                       p = 0.531057  (width=7, pattern=105, tsamples=1142857, bsamples=64, df=5, χ²=4.1286)
  [PASS] dieharder::bit_distribution                       p = 0.550653  (width=7, pattern=106, tsamples=1142857, bsamples=64, df=5, χ²=3.9914)
  [PASS] dieharder::bit_distribution                       p = 0.241414  (width=7, pattern=107, tsamples=1142857, bsamples=64, df=5, χ²=6.7312)
  [PASS] dieharder::bit_distribution                       p = 0.371050  (width=7, pattern=108, tsamples=1142857, bsamples=64, df=5, χ²=5.3821)
  [PASS] dieharder::bit_distribution                       p = 0.839123  (width=7, pattern=109, tsamples=1142857, bsamples=64, df=5, χ²=2.0718)
  [PASS] dieharder::bit_distribution                       p = 0.979252  (width=7, pattern=110, tsamples=1142857, bsamples=64, df=5, χ²=0.7643)
  [PASS] dieharder::bit_distribution                       p = 0.699351  (width=7, pattern=111, tsamples=1142857, bsamples=64, df=5, χ²=3.0041)
  [PASS] dieharder::bit_distribution                       p = 0.885965  (width=7, pattern=112, tsamples=1142857, bsamples=64, df=5, χ²=1.7232)
  [PASS] dieharder::bit_distribution                       p = 0.297164  (width=7, pattern=113, tsamples=1142857, bsamples=64, df=5, χ²=6.0942)
  [PASS] dieharder::bit_distribution                       p = 0.771402  (width=7, pattern=114, tsamples=1142857, bsamples=64, df=5, χ²=2.5338)
  [PASS] dieharder::bit_distribution                       p = 0.361680  (width=7, pattern=115, tsamples=1142857, bsamples=64, df=5, χ²=5.4661)
  [PASS] dieharder::bit_distribution                       p = 0.795695  (width=7, pattern=116, tsamples=1142857, bsamples=64, df=5, χ²=2.3716)
  [PASS] dieharder::bit_distribution                       p = 0.152623  (width=7, pattern=117, tsamples=1142857, bsamples=64, df=5, χ²=8.0662)
  [PASS] dieharder::bit_distribution                       p = 0.941915  (width=7, pattern=118, tsamples=1142857, bsamples=64, df=5, χ²=1.2305)
  [PASS] dieharder::bit_distribution                       p = 0.251622  (width=7, pattern=119, tsamples=1142857, bsamples=64, df=5, χ²=6.6061)
  [PASS] dieharder::bit_distribution                       p = 0.293722  (width=7, pattern=120, tsamples=1142857, bsamples=64, df=5, χ²=6.1306)
  [PASS] dieharder::bit_distribution                       p = 0.521568  (width=7, pattern=121, tsamples=1142857, bsamples=64, df=5, χ²=4.1959)
  [PASS] dieharder::bit_distribution                       p = 0.694982  (width=7, pattern=122, tsamples=1142857, bsamples=64, df=5, χ²=3.0325)
  [PASS] dieharder::bit_distribution                       p = 0.972955  (width=7, pattern=123, tsamples=1142857, bsamples=64, df=5, χ²=0.8614)
  [PASS] dieharder::bit_distribution                       p = 0.575843  (width=7, pattern=124, tsamples=1142857, bsamples=64, df=5, χ²=3.8184)
  [PASS] dieharder::bit_distribution                       p = 0.290955  (width=7, pattern=125, tsamples=1142857, bsamples=64, df=5, χ²=6.1601)
  [PASS] dieharder::bit_distribution                       p = 0.708113  (width=7, pattern=126, tsamples=1142857, bsamples=64, df=5, χ²=2.9473)
  [PASS] dieharder::bit_distribution                       p = 0.945705  (width=7, pattern=127, tsamples=1142857, bsamples=64, df=5, χ²=1.1913)
  [PASS] dieharder::bit_distribution                       p = 0.911749  (width=8, pattern=0, tsamples=1000000, bsamples=64, df=4, χ²=0.9871)
  [PASS] dieharder::bit_distribution                       p = 0.166800  (width=8, pattern=1, tsamples=1000000, bsamples=64, df=4, χ²=6.4683)
  [PASS] dieharder::bit_distribution                       p = 0.818086  (width=8, pattern=2, tsamples=1000000, bsamples=64, df=4, χ²=1.5481)
  [PASS] dieharder::bit_distribution                       p = 0.987172  (width=8, pattern=3, tsamples=1000000, bsamples=64, df=4, χ²=0.3388)
  [FAIL] dieharder::bit_distribution                       p = 0.008283  (width=8, pattern=4, tsamples=1000000, bsamples=64, df=4, χ²=13.7093)
  [PASS] dieharder::bit_distribution                       p = 0.277123  (width=8, pattern=5, tsamples=1000000, bsamples=64, df=4, χ²=5.1007)
  [PASS] dieharder::bit_distribution                       p = 0.521165  (width=8, pattern=6, tsamples=1000000, bsamples=64, df=4, χ²=3.2234)
  [PASS] dieharder::bit_distribution                       p = 0.697054  (width=8, pattern=7, tsamples=1000000, bsamples=64, df=4, χ²=2.2108)
  [PASS] dieharder::bit_distribution                       p = 0.675930  (width=8, pattern=8, tsamples=1000000, bsamples=64, df=4, χ²=2.3266)
  [PASS] dieharder::bit_distribution                       p = 0.608695  (width=8, pattern=9, tsamples=1000000, bsamples=64, df=4, χ²=2.7030)
  [PASS] dieharder::bit_distribution                       p = 0.559418  (width=8, pattern=10, tsamples=1000000, bsamples=64, df=4, χ²=2.9905)
  [PASS] dieharder::bit_distribution                       p = 0.217251  (width=8, pattern=11, tsamples=1000000, bsamples=64, df=4, χ²=5.7668)
  [PASS] dieharder::bit_distribution                       p = 0.010429  (width=8, pattern=12, tsamples=1000000, bsamples=64, df=4, χ²=13.1800)
  [PASS] dieharder::bit_distribution                       p = 0.684133  (width=8, pattern=13, tsamples=1000000, bsamples=64, df=4, χ²=2.2815)
  [PASS] dieharder::bit_distribution                       p = 0.034395  (width=8, pattern=14, tsamples=1000000, bsamples=64, df=4, χ²=10.3866)
  [PASS] dieharder::bit_distribution                       p = 0.641404  (width=8, pattern=15, tsamples=1000000, bsamples=64, df=4, χ²=2.5181)
  [PASS] dieharder::bit_distribution                       p = 0.063158  (width=8, pattern=16, tsamples=1000000, bsamples=64, df=4, χ²=8.9189)
  [PASS] dieharder::bit_distribution                       p = 0.669810  (width=8, pattern=17, tsamples=1000000, bsamples=64, df=4, χ²=2.3603)
  [PASS] dieharder::bit_distribution                       p = 0.287269  (width=8, pattern=18, tsamples=1000000, bsamples=64, df=4, χ²=5.0003)
  [PASS] dieharder::bit_distribution                       p = 0.103015  (width=8, pattern=19, tsamples=1000000, bsamples=64, df=4, χ²=7.7047)
  [PASS] dieharder::bit_distribution                       p = 0.010267  (width=8, pattern=20, tsamples=1000000, bsamples=64, df=4, χ²=13.2161)
  [PASS] dieharder::bit_distribution                       p = 0.948621  (width=8, pattern=21, tsamples=1000000, bsamples=64, df=4, χ²=0.7217)
  [PASS] dieharder::bit_distribution                       p = 0.160535  (width=8, pattern=22, tsamples=1000000, bsamples=64, df=4, χ²=6.5683)
  [PASS] dieharder::bit_distribution                       p = 0.020017  (width=8, pattern=23, tsamples=1000000, bsamples=64, df=4, χ²=11.6658)
  [PASS] dieharder::bit_distribution                       p = 0.437265  (width=8, pattern=24, tsamples=1000000, bsamples=64, df=4, χ²=3.7753)
  [PASS] dieharder::bit_distribution                       p = 0.342784  (width=8, pattern=25, tsamples=1000000, bsamples=64, df=4, χ²=4.4980)
  [PASS] dieharder::bit_distribution                       p = 0.158396  (width=8, pattern=26, tsamples=1000000, bsamples=64, df=4, χ²=6.6033)
  [PASS] dieharder::bit_distribution                       p = 0.184361  (width=8, pattern=27, tsamples=1000000, bsamples=64, df=4, χ²=6.2049)
  [PASS] dieharder::bit_distribution                       p = 0.779266  (width=8, pattern=28, tsamples=1000000, bsamples=64, df=4, χ²=1.7629)
  [PASS] dieharder::bit_distribution                       p = 0.660064  (width=8, pattern=29, tsamples=1000000, bsamples=64, df=4, χ²=2.4142)
  [PASS] dieharder::bit_distribution                       p = 0.045448  (width=8, pattern=30, tsamples=1000000, bsamples=64, df=4, χ²=9.7184)
  [PASS] dieharder::bit_distribution                       p = 0.346591  (width=8, pattern=31, tsamples=1000000, bsamples=64, df=4, χ²=4.4661)
  [PASS] dieharder::bit_distribution                       p = 0.079019  (width=8, pattern=32, tsamples=1000000, bsamples=64, df=4, χ²=8.3671)
  [PASS] dieharder::bit_distribution                       p = 0.594476  (width=8, pattern=33, tsamples=1000000, bsamples=64, df=4, χ²=2.7847)
  [PASS] dieharder::bit_distribution                       p = 0.030153  (width=8, pattern=34, tsamples=1000000, bsamples=64, df=4, χ²=10.6998)
  [PASS] dieharder::bit_distribution                       p = 0.237546  (width=8, pattern=35, tsamples=1000000, bsamples=64, df=4, χ²=5.5249)
  [PASS] dieharder::bit_distribution                       p = 0.157909  (width=8, pattern=36, tsamples=1000000, bsamples=64, df=4, χ²=6.6113)
  [PASS] dieharder::bit_distribution                       p = 0.368498  (width=8, pattern=37, tsamples=1000000, bsamples=64, df=4, χ²=4.2875)
  [PASS] dieharder::bit_distribution                       p = 0.518443  (width=8, pattern=38, tsamples=1000000, bsamples=64, df=4, χ²=3.2403)
  [PASS] dieharder::bit_distribution                       p = 0.132762  (width=8, pattern=39, tsamples=1000000, bsamples=64, df=4, χ²=7.0598)
  [PASS] dieharder::bit_distribution                       p = 0.823463  (width=8, pattern=40, tsamples=1000000, bsamples=64, df=4, χ²=1.5179)
  [PASS] dieharder::bit_distribution                       p = 0.683719  (width=8, pattern=41, tsamples=1000000, bsamples=64, df=4, χ²=2.2838)
  [PASS] dieharder::bit_distribution                       p = 0.863703  (width=8, pattern=42, tsamples=1000000, bsamples=64, df=4, χ²=1.2863)
  [PASS] dieharder::bit_distribution                       p = 0.760811  (width=8, pattern=43, tsamples=1000000, bsamples=64, df=4, χ²=1.8637)
  [PASS] dieharder::bit_distribution                       p = 0.180067  (width=8, pattern=44, tsamples=1000000, bsamples=64, df=4, χ²=6.2671)
  [PASS] dieharder::bit_distribution                       p = 0.382347  (width=8, pattern=45, tsamples=1000000, bsamples=64, df=4, χ²=4.1788)
  [PASS] dieharder::bit_distribution                       p = 0.829959  (width=8, pattern=46, tsamples=1000000, bsamples=64, df=4, χ²=1.4812)
  [PASS] dieharder::bit_distribution                       p = 0.838109  (width=8, pattern=47, tsamples=1000000, bsamples=64, df=4, χ²=1.4349)
  [PASS] dieharder::bit_distribution                       p = 0.401729  (width=8, pattern=48, tsamples=1000000, bsamples=64, df=4, χ²=4.0317)
  [PASS] dieharder::bit_distribution                       p = 0.648058  (width=8, pattern=49, tsamples=1000000, bsamples=64, df=4, χ²=2.4809)
  [PASS] dieharder::bit_distribution                       p = 0.326562  (width=8, pattern=50, tsamples=1000000, bsamples=64, df=4, χ²=4.6374)
  [PASS] dieharder::bit_distribution                       p = 0.688830  (width=8, pattern=51, tsamples=1000000, bsamples=64, df=4, χ²=2.2558)
  [PASS] dieharder::bit_distribution                       p = 0.249343  (width=8, pattern=52, tsamples=1000000, bsamples=64, df=4, χ²=5.3925)
  [PASS] dieharder::bit_distribution                       p = 0.767755  (width=8, pattern=53, tsamples=1000000, bsamples=64, df=4, χ²=1.8258)
  [PASS] dieharder::bit_distribution                       p = 0.059575  (width=8, pattern=54, tsamples=1000000, bsamples=64, df=4, χ²=9.0617)
  [PASS] dieharder::bit_distribution                       p = 0.150873  (width=8, pattern=55, tsamples=1000000, bsamples=64, df=4, χ²=6.7298)
  [PASS] dieharder::bit_distribution                       p = 0.475776  (width=8, pattern=56, tsamples=1000000, bsamples=64, df=4, χ²=3.5138)
  [PASS] dieharder::bit_distribution                       p = 0.241139  (width=8, pattern=57, tsamples=1000000, bsamples=64, df=4, χ²=5.4840)
  [PASS] dieharder::bit_distribution                       p = 0.123652  (width=8, pattern=58, tsamples=1000000, bsamples=64, df=4, χ²=7.2417)
  [PASS] dieharder::bit_distribution                       p = 0.819276  (width=8, pattern=59, tsamples=1000000, bsamples=64, df=4, χ²=1.5414)
  [PASS] dieharder::bit_distribution                       p = 0.099705  (width=8, pattern=60, tsamples=1000000, bsamples=64, df=4, χ²=7.7869)
  [PASS] dieharder::bit_distribution                       p = 0.042102  (width=8, pattern=61, tsamples=1000000, bsamples=64, df=4, χ²=9.9025)
  [PASS] dieharder::bit_distribution                       p = 0.120289  (width=8, pattern=62, tsamples=1000000, bsamples=64, df=4, χ²=7.3120)
  [PASS] dieharder::bit_distribution                       p = 0.803067  (width=8, pattern=63, tsamples=1000000, bsamples=64, df=4, χ²=1.6318)
  [PASS] dieharder::bit_distribution                       p = 0.458508  (width=8, pattern=64, tsamples=1000000, bsamples=64, df=4, χ²=3.6292)
  [PASS] dieharder::bit_distribution                       p = 0.798224  (width=8, pattern=65, tsamples=1000000, bsamples=64, df=4, χ²=1.6586)
  [PASS] dieharder::bit_distribution                       p = 0.918837  (width=8, pattern=66, tsamples=1000000, bsamples=64, df=4, χ²=0.9394)
  [PASS] dieharder::bit_distribution                       p = 0.359102  (width=8, pattern=67, tsamples=1000000, bsamples=64, df=4, χ²=4.3630)
  [PASS] dieharder::bit_distribution                       p = 0.981658  (width=8, pattern=68, tsamples=1000000, bsamples=64, df=4, χ²=0.4099)
  [PASS] dieharder::bit_distribution                       p = 0.983260  (width=8, pattern=69, tsamples=1000000, bsamples=64, df=4, χ²=0.3903)
  [PASS] dieharder::bit_distribution                       p = 0.702481  (width=8, pattern=70, tsamples=1000000, bsamples=64, df=4, χ²=2.1812)
  [PASS] dieharder::bit_distribution                       p = 0.056083  (width=8, pattern=71, tsamples=1000000, bsamples=64, df=4, χ²=9.2090)
  [PASS] dieharder::bit_distribution                       p = 0.276419  (width=8, pattern=72, tsamples=1000000, bsamples=64, df=4, χ²=5.1078)
  [PASS] dieharder::bit_distribution                       p = 0.592267  (width=8, pattern=73, tsamples=1000000, bsamples=64, df=4, χ²=2.7975)
  [PASS] dieharder::bit_distribution                       p = 0.932454  (width=8, pattern=74, tsamples=1000000, bsamples=64, df=4, χ²=0.8440)
  [PASS] dieharder::bit_distribution                       p = 0.982150  (width=8, pattern=75, tsamples=1000000, bsamples=64, df=4, χ²=0.4040)
  [PASS] dieharder::bit_distribution                       p = 0.075104  (width=8, pattern=76, tsamples=1000000, bsamples=64, df=4, χ²=8.4929)
  [PASS] dieharder::bit_distribution                       p = 0.760602  (width=8, pattern=77, tsamples=1000000, bsamples=64, df=4, χ²=1.8648)
  [PASS] dieharder::bit_distribution                       p = 0.905083  (width=8, pattern=78, tsamples=1000000, bsamples=64, df=4, χ²=1.0308)
  [PASS] dieharder::bit_distribution                       p = 0.041628  (width=8, pattern=79, tsamples=1000000, bsamples=64, df=4, χ²=9.9297)
  [PASS] dieharder::bit_distribution                       p = 0.905670  (width=8, pattern=80, tsamples=1000000, bsamples=64, df=4, χ²=1.0270)
  [PASS] dieharder::bit_distribution                       p = 0.866241  (width=8, pattern=81, tsamples=1000000, bsamples=64, df=4, χ²=1.2712)
  [PASS] dieharder::bit_distribution                       p = 0.215407  (width=8, pattern=82, tsamples=1000000, bsamples=64, df=4, χ²=5.7898)
  [PASS] dieharder::bit_distribution                       p = 0.663649  (width=8, pattern=83, tsamples=1000000, bsamples=64, df=4, χ²=2.3943)
  [PASS] dieharder::bit_distribution                       p = 0.597587  (width=8, pattern=84, tsamples=1000000, bsamples=64, df=4, χ²=2.7667)
  [PASS] dieharder::bit_distribution                       p = 0.688217  (width=8, pattern=85, tsamples=1000000, bsamples=64, df=4, χ²=2.2591)
  [PASS] dieharder::bit_distribution                       p = 0.262458  (width=8, pattern=86, tsamples=1000000, bsamples=64, df=4, χ²=5.2514)
  [PASS] dieharder::bit_distribution                       p = 0.269237  (width=8, pattern=87, tsamples=1000000, bsamples=64, df=4, χ²=5.1809)
  [PASS] dieharder::bit_distribution                       p = 0.636276  (width=8, pattern=88, tsamples=1000000, bsamples=64, df=4, χ²=2.5468)
  [PASS] dieharder::bit_distribution                       p = 0.463594  (width=8, pattern=89, tsamples=1000000, bsamples=64, df=4, χ²=3.5949)
  [PASS] dieharder::bit_distribution                       p = 0.818837  (width=8, pattern=90, tsamples=1000000, bsamples=64, df=4, χ²=1.5439)
  [PASS] dieharder::bit_distribution                       p = 0.607757  (width=8, pattern=91, tsamples=1000000, bsamples=64, df=4, χ²=2.7083)
  [PASS] dieharder::bit_distribution                       p = 0.376731  (width=8, pattern=92, tsamples=1000000, bsamples=64, df=4, χ²=4.2225)
  [PASS] dieharder::bit_distribution                       p = 0.239300  (width=8, pattern=93, tsamples=1000000, bsamples=64, df=4, χ²=5.5049)
  [PASS] dieharder::bit_distribution                       p = 0.551339  (width=8, pattern=94, tsamples=1000000, bsamples=64, df=4, χ²=3.0389)
  [PASS] dieharder::bit_distribution                       p = 0.988497  (width=8, pattern=95, tsamples=1000000, bsamples=64, df=4, χ²=0.3198)
  [PASS] dieharder::bit_distribution                       p = 0.457307  (width=8, pattern=96, tsamples=1000000, bsamples=64, df=4, χ²=3.6373)
  [PASS] dieharder::bit_distribution                       p = 0.679176  (width=8, pattern=97, tsamples=1000000, bsamples=64, df=4, χ²=2.3088)
  [PASS] dieharder::bit_distribution                       p = 0.874715  (width=8, pattern=98, tsamples=1000000, bsamples=64, df=4, χ²=1.2205)
  [PASS] dieharder::bit_distribution                       p = 0.200396  (width=8, pattern=99, tsamples=1000000, bsamples=64, df=4, χ²=5.9833)
  [PASS] dieharder::bit_distribution                       p = 0.925620  (width=8, pattern=100, tsamples=1000000, bsamples=64, df=4, χ²=0.8926)
  [PASS] dieharder::bit_distribution                       p = 0.470679  (width=8, pattern=101, tsamples=1000000, bsamples=64, df=4, χ²=3.5476)
  [PASS] dieharder::bit_distribution                       p = 0.478632  (width=8, pattern=102, tsamples=1000000, bsamples=64, df=4, χ²=3.4950)
  [PASS] dieharder::bit_distribution                       p = 0.366990  (width=8, pattern=103, tsamples=1000000, bsamples=64, df=4, χ²=4.2995)
  [PASS] dieharder::bit_distribution                       p = 0.633349  (width=8, pattern=104, tsamples=1000000, bsamples=64, df=4, χ²=2.5632)
  [PASS] dieharder::bit_distribution                       p = 0.207601  (width=8, pattern=105, tsamples=1000000, bsamples=64, df=4, χ²=5.8889)
  [PASS] dieharder::bit_distribution                       p = 0.467309  (width=8, pattern=106, tsamples=1000000, bsamples=64, df=4, χ²=3.5700)
  [PASS] dieharder::bit_distribution                       p = 0.995485  (width=8, pattern=107, tsamples=1000000, bsamples=64, df=4, χ²=0.1964)
  [PASS] dieharder::bit_distribution                       p = 0.334674  (width=8, pattern=108, tsamples=1000000, bsamples=64, df=4, χ²=4.5670)
  [PASS] dieharder::bit_distribution                       p = 0.977742  (width=8, pattern=109, tsamples=1000000, bsamples=64, df=4, χ²=0.4549)
  [PASS] dieharder::bit_distribution                       p = 0.530213  (width=8, pattern=110, tsamples=1000000, bsamples=64, df=4, χ²=3.1674)
  [PASS] dieharder::bit_distribution                       p = 0.954216  (width=8, pattern=111, tsamples=1000000, bsamples=64, df=4, χ²=0.6763)
  [PASS] dieharder::bit_distribution                       p = 0.013059  (width=8, pattern=112, tsamples=1000000, bsamples=64, df=4, χ²=12.6605)
  [PASS] dieharder::bit_distribution                       p = 0.364664  (width=8, pattern=113, tsamples=1000000, bsamples=64, df=4, χ²=4.3181)
  [PASS] dieharder::bit_distribution                       p = 0.925338  (width=8, pattern=114, tsamples=1000000, bsamples=64, df=4, χ²=0.8946)
  [PASS] dieharder::bit_distribution                       p = 0.297820  (width=8, pattern=115, tsamples=1000000, bsamples=64, df=4, χ²=4.8990)
  [PASS] dieharder::bit_distribution                       p = 0.240734  (width=8, pattern=116, tsamples=1000000, bsamples=64, df=4, χ²=5.4886)
  [PASS] dieharder::bit_distribution                       p = 0.013313  (width=8, pattern=117, tsamples=1000000, bsamples=64, df=4, χ²=12.6160)
  [PASS] dieharder::bit_distribution                       p = 0.968891  (width=8, pattern=118, tsamples=1000000, bsamples=64, df=4, χ²=0.5458)
  [PASS] dieharder::bit_distribution                       p = 0.206788  (width=8, pattern=119, tsamples=1000000, bsamples=64, df=4, χ²=5.8994)
  [PASS] dieharder::bit_distribution                       p = 0.831801  (width=8, pattern=120, tsamples=1000000, bsamples=64, df=4, χ²=1.4708)
  [PASS] dieharder::bit_distribution                       p = 0.508623  (width=8, pattern=121, tsamples=1000000, bsamples=64, df=4, χ²=3.3020)
  [PASS] dieharder::bit_distribution                       p = 0.380748  (width=8, pattern=122, tsamples=1000000, bsamples=64, df=4, χ²=4.1912)
  [PASS] dieharder::bit_distribution                       p = 0.904843  (width=8, pattern=123, tsamples=1000000, bsamples=64, df=4, χ²=1.0324)
  [PASS] dieharder::bit_distribution                       p = 0.677177  (width=8, pattern=124, tsamples=1000000, bsamples=64, df=4, χ²=2.3197)
  [PASS] dieharder::bit_distribution                       p = 0.859868  (width=8, pattern=125, tsamples=1000000, bsamples=64, df=4, χ²=1.3089)
  [PASS] dieharder::bit_distribution                       p = 0.766326  (width=8, pattern=126, tsamples=1000000, bsamples=64, df=4, χ²=1.8336)
  [PASS] dieharder::bit_distribution                       p = 0.041341  (width=8, pattern=127, tsamples=1000000, bsamples=64, df=4, χ²=9.9464)
  [PASS] dieharder::bit_distribution                       p = 0.658768  (width=8, pattern=128, tsamples=1000000, bsamples=64, df=4, χ²=2.4214)
  [PASS] dieharder::bit_distribution                       p = 0.100594  (width=8, pattern=129, tsamples=1000000, bsamples=64, df=4, χ²=7.7645)
  [PASS] dieharder::bit_distribution                       p = 0.953479  (width=8, pattern=130, tsamples=1000000, bsamples=64, df=4, χ²=0.6824)
  [PASS] dieharder::bit_distribution                       p = 0.669550  (width=8, pattern=131, tsamples=1000000, bsamples=64, df=4, χ²=2.3618)
  [PASS] dieharder::bit_distribution                       p = 0.235184  (width=8, pattern=132, tsamples=1000000, bsamples=64, df=4, χ²=5.5521)
  [PASS] dieharder::bit_distribution                       p = 0.276343  (width=8, pattern=133, tsamples=1000000, bsamples=64, df=4, χ²=5.1085)
  [FAIL] dieharder::bit_distribution                       p = 0.005904  (width=8, pattern=134, tsamples=1000000, bsamples=64, df=4, χ²=14.4826)
  [PASS] dieharder::bit_distribution                       p = 0.677383  (width=8, pattern=135, tsamples=1000000, bsamples=64, df=4, χ²=2.3186)
  [PASS] dieharder::bit_distribution                       p = 0.165652  (width=8, pattern=136, tsamples=1000000, bsamples=64, df=4, χ²=6.4864)
  [PASS] dieharder::bit_distribution                       p = 0.163547  (width=8, pattern=137, tsamples=1000000, bsamples=64, df=4, χ²=6.5198)
  [PASS] dieharder::bit_distribution                       p = 0.590958  (width=8, pattern=138, tsamples=1000000, bsamples=64, df=4, χ²=2.8051)
  [PASS] dieharder::bit_distribution                       p = 0.613825  (width=8, pattern=139, tsamples=1000000, bsamples=64, df=4, χ²=2.6737)
  [PASS] dieharder::bit_distribution                       p = 0.764710  (width=8, pattern=140, tsamples=1000000, bsamples=64, df=4, χ²=1.8424)
  [PASS] dieharder::bit_distribution                       p = 0.338997  (width=8, pattern=141, tsamples=1000000, bsamples=64, df=4, χ²=4.5301)
  [PASS] dieharder::bit_distribution                       p = 0.060601  (width=8, pattern=142, tsamples=1000000, bsamples=64, df=4, χ²=9.0200)
  [PASS] dieharder::bit_distribution                       p = 0.048682  (width=8, pattern=143, tsamples=1000000, bsamples=64, df=4, χ²=9.5524)
  [PASS] dieharder::bit_distribution                       p = 0.016443  (width=8, pattern=144, tsamples=1000000, bsamples=64, df=4, χ²=12.1253)
  [PASS] dieharder::bit_distribution                       p = 0.522047  (width=8, pattern=145, tsamples=1000000, bsamples=64, df=4, χ²=3.2179)
  [PASS] dieharder::bit_distribution                       p = 0.242581  (width=8, pattern=146, tsamples=1000000, bsamples=64, df=4, χ²=5.4677)
  [PASS] dieharder::bit_distribution                       p = 0.875962  (width=8, pattern=147, tsamples=1000000, bsamples=64, df=4, χ²=1.2129)
  [PASS] dieharder::bit_distribution                       p = 0.889596  (width=8, pattern=148, tsamples=1000000, bsamples=64, df=4, χ²=1.1293)
  [PASS] dieharder::bit_distribution                       p = 0.037509  (width=8, pattern=149, tsamples=1000000, bsamples=64, df=4, χ²=10.1796)
  [PASS] dieharder::bit_distribution                       p = 0.344001  (width=8, pattern=150, tsamples=1000000, bsamples=64, df=4, χ²=4.4878)
  [PASS] dieharder::bit_distribution                       p = 0.096957  (width=8, pattern=151, tsamples=1000000, bsamples=64, df=4, χ²=7.8571)
  [PASS] dieharder::bit_distribution                       p = 0.325969  (width=8, pattern=152, tsamples=1000000, bsamples=64, df=4, χ²=4.6426)
  [PASS] dieharder::bit_distribution                       p = 0.847842  (width=8, pattern=153, tsamples=1000000, bsamples=64, df=4, χ²=1.3790)
  [PASS] dieharder::bit_distribution                       p = 0.390119  (width=8, pattern=154, tsamples=1000000, bsamples=64, df=4, χ²=4.1192)
  [PASS] dieharder::bit_distribution                       p = 0.601749  (width=8, pattern=155, tsamples=1000000, bsamples=64, df=4, χ²=2.7428)
  [PASS] dieharder::bit_distribution                       p = 0.757740  (width=8, pattern=156, tsamples=1000000, bsamples=64, df=4, χ²=1.8804)
  [PASS] dieharder::bit_distribution                       p = 0.465586  (width=8, pattern=157, tsamples=1000000, bsamples=64, df=4, χ²=3.5816)
  [PASS] dieharder::bit_distribution                       p = 0.976462  (width=8, pattern=158, tsamples=1000000, bsamples=64, df=4, χ²=0.4689)
  [PASS] dieharder::bit_distribution                       p = 0.355268  (width=8, pattern=159, tsamples=1000000, bsamples=64, df=4, χ²=4.3943)
  [PASS] dieharder::bit_distribution                       p = 0.673601  (width=8, pattern=160, tsamples=1000000, bsamples=64, df=4, χ²=2.3394)
  [FAIL] dieharder::bit_distribution                       p = 0.002795  (width=8, pattern=161, tsamples=1000000, bsamples=64, df=4, χ²=16.1738)
  [PASS] dieharder::bit_distribution                       p = 0.168456  (width=8, pattern=162, tsamples=1000000, bsamples=64, df=4, χ²=6.4424)
  [PASS] dieharder::bit_distribution                       p = 0.614612  (width=8, pattern=163, tsamples=1000000, bsamples=64, df=4, χ²=2.6692)
  [PASS] dieharder::bit_distribution                       p = 0.448188  (width=8, pattern=164, tsamples=1000000, bsamples=64, df=4, χ²=3.6996)
  [PASS] dieharder::bit_distribution                       p = 0.842841  (width=8, pattern=165, tsamples=1000000, bsamples=64, df=4, χ²=1.4078)
  [PASS] dieharder::bit_distribution                       p = 0.259912  (width=8, pattern=166, tsamples=1000000, bsamples=64, df=4, χ²=5.2783)
  [PASS] dieharder::bit_distribution                       p = 0.694018  (width=8, pattern=167, tsamples=1000000, bsamples=64, df=4, χ²=2.2274)
  [PASS] dieharder::bit_distribution                       p = 0.727215  (width=8, pattern=168, tsamples=1000000, bsamples=64, df=4, χ²=2.0465)
  [PASS] dieharder::bit_distribution                       p = 0.545025  (width=8, pattern=169, tsamples=1000000, bsamples=64, df=4, χ²=3.0770)
  [PASS] dieharder::bit_distribution                       p = 0.321985  (width=8, pattern=170, tsamples=1000000, bsamples=64, df=4, χ²=4.6778)
  [PASS] dieharder::bit_distribution                       p = 0.702899  (width=8, pattern=171, tsamples=1000000, bsamples=64, df=4, χ²=2.1789)
  [PASS] dieharder::bit_distribution                       p = 0.152786  (width=8, pattern=172, tsamples=1000000, bsamples=64, df=4, χ²=6.6971)
  [PASS] dieharder::bit_distribution                       p = 0.779947  (width=8, pattern=173, tsamples=1000000, bsamples=64, df=4, χ²=1.7592)
  [PASS] dieharder::bit_distribution                       p = 0.658296  (width=8, pattern=174, tsamples=1000000, bsamples=64, df=4, χ²=2.4240)
  [PASS] dieharder::bit_distribution                       p = 0.156323  (width=8, pattern=175, tsamples=1000000, bsamples=64, df=4, χ²=6.6376)
  [PASS] dieharder::bit_distribution                       p = 0.926321  (width=8, pattern=176, tsamples=1000000, bsamples=64, df=4, χ²=0.8877)
  [PASS] dieharder::bit_distribution                       p = 0.100364  (width=8, pattern=177, tsamples=1000000, bsamples=64, df=4, χ²=7.7703)
  [PASS] dieharder::bit_distribution                       p = 0.928091  (width=8, pattern=178, tsamples=1000000, bsamples=64, df=4, χ²=0.8752)
  [PASS] dieharder::bit_distribution                       p = 0.276199  (width=8, pattern=179, tsamples=1000000, bsamples=64, df=4, χ²=5.1100)
  [PASS] dieharder::bit_distribution                       p = 0.606468  (width=8, pattern=180, tsamples=1000000, bsamples=64, df=4, χ²=2.7157)
  [PASS] dieharder::bit_distribution                       p = 0.508126  (width=8, pattern=181, tsamples=1000000, bsamples=64, df=4, χ²=3.3051)
  [PASS] dieharder::bit_distribution                       p = 0.566694  (width=8, pattern=182, tsamples=1000000, bsamples=64, df=4, χ²=2.9472)
  [PASS] dieharder::bit_distribution                       p = 0.598097  (width=8, pattern=183, tsamples=1000000, bsamples=64, df=4, χ²=2.7638)
  [PASS] dieharder::bit_distribution                       p = 0.971075  (width=8, pattern=184, tsamples=1000000, bsamples=64, df=4, χ²=0.5245)
  [PASS] dieharder::bit_distribution                       p = 0.294718  (width=8, pattern=185, tsamples=1000000, bsamples=64, df=4, χ²=4.9285)
  [PASS] dieharder::bit_distribution                       p = 0.405917  (width=8, pattern=186, tsamples=1000000, bsamples=64, df=4, χ²=4.0007)
  [PASS] dieharder::bit_distribution                       p = 0.470111  (width=8, pattern=187, tsamples=1000000, bsamples=64, df=4, χ²=3.5514)
  [PASS] dieharder::bit_distribution                       p = 0.020352  (width=8, pattern=188, tsamples=1000000, bsamples=64, df=4, χ²=11.6269)
  [PASS] dieharder::bit_distribution                       p = 0.728010  (width=8, pattern=189, tsamples=1000000, bsamples=64, df=4, χ²=2.0421)
  [PASS] dieharder::bit_distribution                       p = 0.729537  (width=8, pattern=190, tsamples=1000000, bsamples=64, df=4, χ²=2.0338)
  [PASS] dieharder::bit_distribution                       p = 0.265308  (width=8, pattern=191, tsamples=1000000, bsamples=64, df=4, χ²=5.2216)
  [PASS] dieharder::bit_distribution                       p = 0.131434  (width=8, pattern=192, tsamples=1000000, bsamples=64, df=4, χ²=7.0856)
  [PASS] dieharder::bit_distribution                       p = 0.264075  (width=8, pattern=193, tsamples=1000000, bsamples=64, df=4, χ²=5.2345)
  [PASS] dieharder::bit_distribution                       p = 0.148769  (width=8, pattern=194, tsamples=1000000, bsamples=64, df=4, χ²=6.7662)
  [PASS] dieharder::bit_distribution                       p = 0.800930  (width=8, pattern=195, tsamples=1000000, bsamples=64, df=4, χ²=1.6436)
  [PASS] dieharder::bit_distribution                       p = 0.427950  (width=8, pattern=196, tsamples=1000000, bsamples=64, df=4, χ²=3.8410)
  [PASS] dieharder::bit_distribution                       p = 0.791460  (width=8, pattern=197, tsamples=1000000, bsamples=64, df=4, χ²=1.6959)
  [PASS] dieharder::bit_distribution                       p = 0.901541  (width=8, pattern=198, tsamples=1000000, bsamples=64, df=4, χ²=1.0537)
  [PASS] dieharder::bit_distribution                       p = 0.505674  (width=8, pattern=199, tsamples=1000000, bsamples=64, df=4, χ²=3.3206)
  [PASS] dieharder::bit_distribution                       p = 0.828698  (width=8, pattern=200, tsamples=1000000, bsamples=64, df=4, χ²=1.4884)
  [PASS] dieharder::bit_distribution                       p = 0.304673  (width=8, pattern=201, tsamples=1000000, bsamples=64, df=4, χ²=4.8348)
  [PASS] dieharder::bit_distribution                       p = 0.848714  (width=8, pattern=202, tsamples=1000000, bsamples=64, df=4, χ²=1.3739)
  [PASS] dieharder::bit_distribution                       p = 0.809284  (width=8, pattern=203, tsamples=1000000, bsamples=64, df=4, χ²=1.5973)
  [PASS] dieharder::bit_distribution                       p = 0.684634  (width=8, pattern=204, tsamples=1000000, bsamples=64, df=4, χ²=2.2788)
  [PASS] dieharder::bit_distribution                       p = 0.375040  (width=8, pattern=205, tsamples=1000000, bsamples=64, df=4, χ²=4.2357)
  [FAIL] dieharder::bit_distribution                       p = 0.004939  (width=8, pattern=206, tsamples=1000000, bsamples=64, df=4, χ²=14.8880)
  [PASS] dieharder::bit_distribution                       p = 0.839268  (width=8, pattern=207, tsamples=1000000, bsamples=64, df=4, χ²=1.4283)
  [PASS] dieharder::bit_distribution                       p = 0.842855  (width=8, pattern=208, tsamples=1000000, bsamples=64, df=4, χ²=1.4077)
  [PASS] dieharder::bit_distribution                       p = 0.715344  (width=8, pattern=209, tsamples=1000000, bsamples=64, df=4, χ²=2.1110)
  [PASS] dieharder::bit_distribution                       p = 0.277872  (width=8, pattern=210, tsamples=1000000, bsamples=64, df=4, χ²=5.0932)
  [PASS] dieharder::bit_distribution                       p = 0.535512  (width=8, pattern=211, tsamples=1000000, bsamples=64, df=4, χ²=3.1349)
  [PASS] dieharder::bit_distribution                       p = 0.726514  (width=8, pattern=212, tsamples=1000000, bsamples=64, df=4, χ²=2.0503)
  [PASS] dieharder::bit_distribution                       p = 0.333642  (width=8, pattern=213, tsamples=1000000, bsamples=64, df=4, χ²=4.5759)
  [PASS] dieharder::bit_distribution                       p = 0.996902  (width=8, pattern=214, tsamples=1000000, bsamples=64, df=4, χ²=0.1617)
  [PASS] dieharder::bit_distribution                       p = 0.309339  (width=8, pattern=215, tsamples=1000000, bsamples=64, df=4, χ²=4.7918)
  [PASS] dieharder::bit_distribution                       p = 0.027856  (width=8, pattern=216, tsamples=1000000, bsamples=64, df=4, χ²=10.8876)
  [PASS] dieharder::bit_distribution                       p = 0.570285  (width=8, pattern=217, tsamples=1000000, bsamples=64, df=4, χ²=2.9260)
  [PASS] dieharder::bit_distribution                       p = 0.741564  (width=8, pattern=218, tsamples=1000000, bsamples=64, df=4, χ²=1.9684)
  [PASS] dieharder::bit_distribution                       p = 0.933345  (width=8, pattern=219, tsamples=1000000, bsamples=64, df=4, χ²=0.8375)
  [PASS] dieharder::bit_distribution                       p = 0.857687  (width=8, pattern=220, tsamples=1000000, bsamples=64, df=4, χ²=1.3217)
  [PASS] dieharder::bit_distribution                       p = 0.798316  (width=8, pattern=221, tsamples=1000000, bsamples=64, df=4, χ²=1.6581)
  [PASS] dieharder::bit_distribution                       p = 0.516798  (width=8, pattern=222, tsamples=1000000, bsamples=64, df=4, χ²=3.2506)
  [PASS] dieharder::bit_distribution                       p = 0.331989  (width=8, pattern=223, tsamples=1000000, bsamples=64, df=4, χ²=4.5902)
  [PASS] dieharder::bit_distribution                       p = 0.282865  (width=8, pattern=224, tsamples=1000000, bsamples=64, df=4, χ²=5.0435)
  [PASS] dieharder::bit_distribution                       p = 0.038033  (width=8, pattern=225, tsamples=1000000, bsamples=64, df=4, χ²=10.1464)
  [PASS] dieharder::bit_distribution                       p = 0.774835  (width=8, pattern=226, tsamples=1000000, bsamples=64, df=4, χ²=1.7871)
  [PASS] dieharder::bit_distribution                       p = 0.541134  (width=8, pattern=227, tsamples=1000000, bsamples=64, df=4, χ²=3.1006)
  [PASS] dieharder::bit_distribution                       p = 0.282653  (width=8, pattern=228, tsamples=1000000, bsamples=64, df=4, χ²=5.0456)
  [PASS] dieharder::bit_distribution                       p = 0.106017  (width=8, pattern=229, tsamples=1000000, bsamples=64, df=4, χ²=7.6322)
  [PASS] dieharder::bit_distribution                       p = 0.369503  (width=8, pattern=230, tsamples=1000000, bsamples=64, df=4, χ²=4.2795)
  [PASS] dieharder::bit_distribution                       p = 0.962068  (width=8, pattern=231, tsamples=1000000, bsamples=64, df=4, χ²=0.6089)
  [PASS] dieharder::bit_distribution                       p = 0.629514  (width=8, pattern=232, tsamples=1000000, bsamples=64, df=4, χ²=2.5848)
  [PASS] dieharder::bit_distribution                       p = 0.575034  (width=8, pattern=233, tsamples=1000000, bsamples=64, df=4, χ²=2.8980)
  [PASS] dieharder::bit_distribution                       p = 0.378138  (width=8, pattern=234, tsamples=1000000, bsamples=64, df=4, χ²=4.2115)
  [PASS] dieharder::bit_distribution                       p = 0.866437  (width=8, pattern=235, tsamples=1000000, bsamples=64, df=4, χ²=1.2700)
  [PASS] dieharder::bit_distribution                       p = 0.557719  (width=8, pattern=236, tsamples=1000000, bsamples=64, df=4, χ²=3.0006)
  [PASS] dieharder::bit_distribution                       p = 0.713225  (width=8, pattern=237, tsamples=1000000, bsamples=64, df=4, χ²=2.1226)
  [PASS] dieharder::bit_distribution                       p = 0.441331  (width=8, pattern=238, tsamples=1000000, bsamples=64, df=4, χ²=3.7470)
  [PASS] dieharder::bit_distribution                       p = 0.835324  (width=8, pattern=239, tsamples=1000000, bsamples=64, df=4, χ²=1.4508)
  [FAIL] dieharder::bit_distribution                       p = 0.001837  (width=8, pattern=240, tsamples=1000000, bsamples=64, df=4, χ²=17.1143)
  [PASS] dieharder::bit_distribution                       p = 0.571386  (width=8, pattern=241, tsamples=1000000, bsamples=64, df=4, χ²=2.9195)
  [PASS] dieharder::bit_distribution                       p = 0.067562  (width=8, pattern=242, tsamples=1000000, bsamples=64, df=4, χ²=8.7536)
  [PASS] dieharder::bit_distribution                       p = 0.605679  (width=8, pattern=243, tsamples=1000000, bsamples=64, df=4, χ²=2.7202)
  [PASS] dieharder::bit_distribution                       p = 0.181642  (width=8, pattern=244, tsamples=1000000, bsamples=64, df=4, χ²=6.2442)
  [PASS] dieharder::bit_distribution                       p = 0.705069  (width=8, pattern=245, tsamples=1000000, bsamples=64, df=4, χ²=2.1670)
  [PASS] dieharder::bit_distribution                       p = 0.710480  (width=8, pattern=246, tsamples=1000000, bsamples=64, df=4, χ²=2.1375)
  [PASS] dieharder::bit_distribution                       p = 0.300065  (width=8, pattern=247, tsamples=1000000, bsamples=64, df=4, χ²=4.8778)
  [PASS] dieharder::bit_distribution                       p = 0.066736  (width=8, pattern=248, tsamples=1000000, bsamples=64, df=4, χ²=8.7838)
  [PASS] dieharder::bit_distribution                       p = 0.370989  (width=8, pattern=249, tsamples=1000000, bsamples=64, df=4, χ²=4.2677)
  [PASS] dieharder::bit_distribution                       p = 0.714016  (width=8, pattern=250, tsamples=1000000, bsamples=64, df=4, χ²=2.1183)
  [PASS] dieharder::bit_distribution                       p = 0.502706  (width=8, pattern=251, tsamples=1000000, bsamples=64, df=4, χ²=3.3395)
  [PASS] dieharder::bit_distribution                       p = 0.552109  (width=8, pattern=252, tsamples=1000000, bsamples=64, df=4, χ²=3.0343)
  [PASS] dieharder::bit_distribution                       p = 0.567558  (width=8, pattern=253, tsamples=1000000, bsamples=64, df=4, χ²=2.9421)
  [PASS] dieharder::bit_distribution                       p = 0.558729  (width=8, pattern=254, tsamples=1000000, bsamples=64, df=4, χ²=2.9946)
  [PASS] dieharder::bit_distribution                       p = 0.126703  (width=8, pattern=255, tsamples=1000000, bsamples=64, df=4, χ²=7.1795)
  [PASS] dieharder::gcd_distribution                       p = 0.473569  (pairs=100000, gtblsize=24, χ²=20.7618)
  [PASS] dieharder::gcd_step_counts                        p = 0.373023  (pairs=100000, χ²=27.7070)

  Summary: 719 PASS, 15 FAIL, 4 SKIP
  (At α=0.01, expect ~7 false FAILs by chance for a perfect RNG with 734 tests)
